<?xml version="1.0" encoding="UTF-8"?>
<testsuite xmlns:xsi="http://www.w3.org/2001/XMLSchema-instance" xsi:noNamespaceSchemaLocation="https://maven.apache.org/surefire/maven-failsafe-plugin/xsd/failsafe-test-report-3.0.xsd" version="3.0" name="CucumberTestSuite" time="21.421" tests="1" errors="0" skipped="0" failures="0">
  <properties>
[...]
</properties>
  <testcase name="Login with email and password" classname="Login" time="15.925">
    <system-out><![CDATA[00:15:12.470 [main] INFO io.cucumber.core.plugin.SerenityReporter - Running feature from file:///C:/Users/alwi/IdeaProjects/WebLMS19/src/test/resources/features/Login.feature
00:15:12.689 [main] INFO  - 

-------------------------------------------------------------------------------------
     _______. _______ .______       _______ .__   __.  __  .___________.____    ____ 
    /       ||   ____||   _  \     |   ____||  \ |  | |  | |           |\   \  /   / 
   |   (----`|  |__   |  |_)  |    |  |__   |   \|  | |  | `---|  |----` \   \/   /  
    \   \    |   __|  |      /     |   __|  |  . `  | |  |     |  |       \_    _/   
.----)   |   |  |____ |  |\  \----.|  |____ |  |\   | |  |     |  |         |  |     
|_______/    |_______|| _| `._____||_______||__| \__| |__|     |__|         |__|    
                                                                                     
 News and tutorials at http://www.serenity-bdd.info                                  
 Documentation at https://wakaleo.gitbooks.io/the-serenity-book/content/             
 Join the Serenity Community on Gitter: https://gitter.im/serenity-bdd/serenity-core 
 Serenity BDD Support and Training at http://serenity-bdd.info/#/trainingandsupport  
-------------------------------------------------------------------------------------

00:15:12.692 [main] DEBUG net.thucydides.core.steps.StepEventBus - Test suite started for story net.thucydides.core.model.Story@23282f08
00:15:12.698 [main] INFO  - Test Suite Started: Login
00:15:12.714 [main] INFO io.cucumber.core.plugin.SerenityReporter - Running feature from file:///C:/Users/alwi/IdeaProjects/WebLMS19/src/test/resources/features/Login.feature
00:15:12.719 [main] DEBUG net.thucydides.core.steps.StepEventBus - Test suite started for story net.thucydides.core.model.Story@23282f08
00:15:12.719 [main] INFO  - Test Suite Started: Login

Scenario: Login with email and password &amp#27;[90m# src/test/resources/features/Login.feature:6&amp#27;[0m
00:15:12.839 [main] INFO io.cucumber.core.plugin.SerenityReporter - Running feature from file:///C:/Users/alwi/IdeaProjects/WebLMS19/src/test/resources/features/Login.feature
00:15:12.951 [main] INFO  - 
  _____   ___   ___   _____     ___   _____     _     ___   _____   ___   ___  
 |_   _| | __| / __| |_   _|   / __| |_   _|   /_\   | _ \ |_   _| | __| |   \ 
   | |   | _|  \__ \   | |     \__ \   | |    / _ \  |   /   | |   | _|  | |) |
   |_|   |___| |___/   |_|     |___/   |_|   /_/ \_\ |_|_\   |_|   |___| |___/ 

Login with email and password(login;login-with-email-and-password)
--------------------------------------------------------------------------------
00:15:13.858 [main] INFO net.serenitybdd.core.webdriver.driverproviders.ChromeDriverProvider - Using automatically driver download
00:15:14.704 [main] DEBUG io.github.bonigarcia.wdm.cache.ResolutionCache - Resolution chrome=107 in cache (valid until 01:13:58 02/12/2022 WIB)
00:15:14.712 [main] DEBUG io.github.bonigarcia.wdm.cache.ResolutionCache - Resolution chrome107=107.0.5304.62 in cache (valid until 23:12:59 02/12/2022 WIB)
00:15:14.717 [main] INFO io.github.bonigarcia.wdm.WebDriverManager - Using chromedriver 107.0.5304.62 (resolved driver for Chrome 107)
00:15:14.740 [main] DEBUG io.github.bonigarcia.wdm.WebDriverManager - Driver chromedriver 107.0.5304.62 found in cache
00:15:14.741 [main] INFO io.github.bonigarcia.wdm.WebDriverManager - Exporting webdriver.chrome.driver as C:\Users\alwi\.cache\selenium\chromedriver\win32\107.0.5304.62\chromedriver.exe
00:15:15.525 [main] DEBUG net.thucydides.core.reflection.ClassFinder - Could not load class .CucumberTestSuite
00:15:15.525 [main] DEBUG net.thucydides.core.reflection.ClassFinder - Could not load class .starter.pages.auth.LoginPage
00:15:15.525 [main] DEBUG net.thucydides.core.reflection.ClassFinder - Could not load class .starter.pages.in
00:15:15.525 [main] DEBUG net.thucydides.core.reflection.ClassFinder - Could not load class .starter.stepdefinitions.LoginStep
00:15:15.526 [main] DEBUG net.thucydides.core.reflection.ClassFinder - Could not load class META-INF.versions.9.com.sun.istack.logging.StackHelper
00:15:15.527 [main] DEBUG net.thucydides.core.reflection.ClassFinder - Could not load class META-INF.versions.9.com.sun.xml.bind.v2.runtime.reflect.opt.AccessorInjector
00:15:15.527 [main] DEBUG net.thucydides.core.reflection.ClassFinder - Could not load class META-INF.versions.9.com.sun.xml.bind.v2.runtime.reflect.opt.Injector
00:15:15.527 [main] DEBUG net.thucydides.core.reflection.ClassFinder - Could not load class META-INF.versions.9.com.sun.xml.bind.v2.runtime.reflect.opt.OptimizedAccessorFactory
00:15:15.528 [main] DEBUG net.thucydides.core.reflection.ClassFinder - Could not load class META-INF.versions.9.com.sun.xml.bind.v2.runtime.reflect.opt.OptimizedTransducedAccessorFactory
00:15:15.528 [main] DEBUG net.thucydides.core.reflection.ClassFinder - Could not load class META-INF.versions.9.io.opentelemetry.sdk.internal.CurrentJavaVersionSpecific
00:15:15.529 [main] DEBUG net.thucydides.core.reflection.ClassFinder - Could not load class META-INF.versions.9.io.opentelemetry.sdk.internal.Java9VersionSpecific
00:15:15.529 [main] DEBUG net.thucydides.core.reflection.ClassFinder - Could not load class META-INF.versions.9.javax.xml.bind.ModuleUtil
00:15:15.529 [main] DEBUG net.thucydides.core.reflection.ClassFinder - Could not load class META-INF.versions.9.module-info
00:15:15.530 [main] DEBUG net.thucydides.core.reflection.ClassFinder - Could not load class META-INF.versions.9.org.junit.platform.commons.util.ModuleUtils
00:15:15.926 [main] DEBUG net.thucydides.core.reflection.ClassFinder - Could not load class com.google.gson.internal.
00:15:16.156 [main] DEBUG net.thucydides.core.reflection.ClassFinder - Could not load class com.sun.xml.bind.v2.runtime.output.FastInfosetStreamWriterOutput
00:15:16.683 [main] DEBUG net.thucydides.core.reflection.ClassFinder - Could not load class module-info
00:15:20.327 [main] DEBUG io.netty.util.internal.logging.InternalLoggerFactory - Using SLF4J as the default logging framework
00:15:20.330 [main] DEBUG io.netty.util.ResourceLeakDetector - -Dio.netty.leakDetection.level: simple
00:15:20.330 [main] DEBUG io.netty.util.ResourceLeakDetector - -Dio.netty.leakDetection.targetRecords: 4
00:15:20.335 [main] DEBUG io.netty.util.ResourceLeakDetectorFactory - Loaded default ResourceLeakDetector: io.netty.util.ResourceLeakDetector@12139db0
00:15:20.360 [main] DEBUG io.netty.util.internal.PlatformDependent0 - -Dio.netty.noUnsafe: false
00:15:20.360 [main] DEBUG io.netty.util.internal.PlatformDependent0 - Java version: 13
00:15:20.361 [main] DEBUG io.netty.util.internal.PlatformDependent0 - sun.misc.Unsafe.theUnsafe: available
00:15:20.362 [main] DEBUG io.netty.util.internal.PlatformDependent0 - sun.misc.Unsafe.copyMemory: available
00:15:20.363 [main] DEBUG io.netty.util.internal.PlatformDependent0 - java.nio.Buffer.address: available
00:15:20.364 [main] DEBUG io.netty.util.internal.PlatformDependent0 - direct buffer constructor: unavailable: Reflective setAccessible(true) disabled
00:15:20.365 [main] DEBUG io.netty.util.internal.PlatformDependent0 - java.nio.Bits.unaligned: available, true
00:15:20.367 [main] DEBUG io.netty.util.internal.PlatformDependent0 - jdk.internal.misc.Unsafe.allocateUninitializedArray(int): unavailable: class io.netty.util.internal.PlatformDependent0$6 cannot access class jdk.internal.misc.Unsafe (in module java.base) because module java.base does not export jdk.internal.misc to unnamed module @3a0807b7
00:15:20.369 [main] DEBUG io.netty.util.internal.PlatformDependent0 - java.nio.DirectByteBuffer.<init>(long, int): unavailable
00:15:20.369 [main] DEBUG io.netty.util.internal.PlatformDependent - sun.misc.Unsafe: available
00:15:20.371 [main] DEBUG io.netty.util.internal.PlatformDependent - maxDirectMemory: 2141192192 bytes (maybe)
00:15:20.371 [main] DEBUG io.netty.util.internal.PlatformDependent - -Dio.netty.tmpdir: C:\Users\alwi\AppData\Local\Temp (java.io.tmpdir)
00:15:20.372 [main] DEBUG io.netty.util.internal.PlatformDependent - -Dio.netty.bitMode: 64 (sun.arch.data.model)
00:15:20.372 [main] DEBUG io.netty.util.internal.PlatformDependent - Platform: Windows
00:15:20.387 [main] DEBUG io.netty.util.internal.PlatformDependent - -Dio.netty.maxDirectMemory: -1 bytes
00:15:20.387 [main] DEBUG io.netty.util.internal.PlatformDependent - -Dio.netty.uninitializedArrayAllocationThreshold: -1
00:15:20.389 [main] DEBUG io.netty.util.internal.CleanerJava9 - java.nio.ByteBuffer.cleaner(): available
00:15:20.389 [main] DEBUG io.netty.util.internal.PlatformDependent - -Dio.netty.noPreferDirect: false
00:15:20.404 [main] DEBUG io.netty.util.internal.PlatformDependent - org.jctools-core.MpscChunkedArrayQueue: available
00:15:20.431 [main] DEBUG io.netty.util.internal.InternalThreadLocalMap - -Dio.netty.threadLocalMap.stringBuilder.initialSize: 1024
00:15:20.431 [main] DEBUG io.netty.util.internal.InternalThreadLocalMap - -Dio.netty.threadLocalMap.stringBuilder.maxSize: 4096
00:15:20.477 [main] DEBUG io.netty.handler.ssl.JdkSslContext - Default protocols (JDK): [TLSv1.3, TLSv1.2, TLSv1.1, TLSv1] 
00:15:20.478 [main] DEBUG io.netty.handler.ssl.JdkSslContext - Default cipher suites (JDK): [TLS_ECDHE_ECDSA_WITH_AES_256_GCM_SHA384, TLS_ECDHE_ECDSA_WITH_AES_128_GCM_SHA256, TLS_ECDHE_RSA_WITH_AES_128_GCM_SHA256, TLS_ECDHE_RSA_WITH_AES_256_GCM_SHA384, TLS_ECDHE_RSA_WITH_AES_128_CBC_SHA, TLS_ECDHE_RSA_WITH_AES_256_CBC_SHA, TLS_RSA_WITH_AES_128_GCM_SHA256, TLS_RSA_WITH_AES_128_CBC_SHA, TLS_RSA_WITH_AES_256_CBC_SHA, TLS_AES_128_GCM_SHA256, TLS_AES_256_GCM_SHA384]
00:15:20.514 [main] DEBUG io.netty.channel.MultithreadEventLoopGroup - -Dio.netty.eventLoopThreads: 16
00:15:20.526 [main] DEBUG io.netty.channel.nio.NioEventLoop - -Dio.netty.noKeySetOptimization: false
00:15:20.526 [main] DEBUG io.netty.channel.nio.NioEventLoop - -Dio.netty.selectorAutoRebuildThreshold: 512
00:15:20.943 [main] DEBUG io.netty.buffer.PooledByteBufAllocator - -Dio.netty.allocator.numHeapArenas: 16
00:15:20.943 [main] DEBUG io.netty.buffer.PooledByteBufAllocator - -Dio.netty.allocator.numDirectArenas: 16
00:15:20.943 [main] DEBUG io.netty.buffer.PooledByteBufAllocator - -Dio.netty.allocator.pageSize: 8192
00:15:20.943 [main] DEBUG io.netty.buffer.PooledByteBufAllocator - -Dio.netty.allocator.maxOrder: 11
00:15:20.943 [main] DEBUG io.netty.buffer.PooledByteBufAllocator - -Dio.netty.allocator.chunkSize: 16777216
00:15:20.943 [main] DEBUG io.netty.buffer.PooledByteBufAllocator - -Dio.netty.allocator.smallCacheSize: 256
00:15:20.943 [main] DEBUG io.netty.buffer.PooledByteBufAllocator - -Dio.netty.allocator.normalCacheSize: 64
00:15:20.943 [main] DEBUG io.netty.buffer.PooledByteBufAllocator - -Dio.netty.allocator.maxCachedBufferCapacity: 32768
00:15:20.943 [main] DEBUG io.netty.buffer.PooledByteBufAllocator - -Dio.netty.allocator.cacheTrimInterval: 8192
00:15:20.943 [main] DEBUG io.netty.buffer.PooledByteBufAllocator - -Dio.netty.allocator.cacheTrimIntervalMillis: 0
00:15:20.944 [main] DEBUG io.netty.buffer.PooledByteBufAllocator - -Dio.netty.allocator.useCacheForAllThreads: true
00:15:20.944 [main] DEBUG io.netty.buffer.PooledByteBufAllocator - -Dio.netty.allocator.maxCachedByteBuffersPerChunk: 1023
00:15:20.961 [main] DEBUG io.netty.buffer.ByteBufUtil - -Dio.netty.allocator.type: pooled
00:15:20.961 [main] DEBUG io.netty.buffer.ByteBufUtil - -Dio.netty.threadLocalDirectBufferSize: 0
00:15:20.961 [main] DEBUG io.netty.buffer.ByteBufUtil - -Dio.netty.maxThreadLocalCharBufferSize: 16384
00:15:21.273 [main] DEBUG net.serenitybdd.core.webdriver.driverproviders.ProvideNewDriver - Instantiating driver
00:15:21.273 [main] DEBUG net.serenitybdd.core.webdriver.driverproviders.ProvideNewDriver - Driver capabilities: Capabilities {acceptInsecureCerts: false, base.url: https://capstonelms19.netli..., browserName: chrome, chrome.driver: src/test/resources/webdrive..., driver: chrome, goog:chromeOptions: {args: [], extensions: []}, wait.for.timeout: 6000}
00:15:22.011 [Forwarding newSession on session null to remote] DEBUG io.netty.channel.DefaultChannelId - -Dio.netty.processId: 648 (auto-detected)
00:15:22.014 [Forwarding newSession on session null to remote] DEBUG io.netty.util.NetUtil - -Djava.net.preferIPv4Stack: false
00:15:22.014 [Forwarding newSession on session null to remote] DEBUG io.netty.util.NetUtil - -Djava.net.preferIPv6Addresses: false
00:15:22.262 [Forwarding newSession on session null to remote] DEBUG io.netty.util.NetUtilInitializations - Loopback interface: lo (Software Loopback Interface 1, 127.0.0.1)
00:15:22.263 [Forwarding newSession on session null to remote] DEBUG io.netty.util.NetUtil - Failed to get SOMAXCONN from sysctl and file \proc\sys\net\core\somaxconn. Default: 200
00:15:22.532 [Forwarding newSession on session null to remote] DEBUG io.netty.channel.DefaultChannelId - -Dio.netty.machineId: 50:3e:aa:ff:fe:ef:df:ab (auto-detected)
00:15:22.583 [AsyncHttpClient-1-2] DEBUG io.netty.buffer.AbstractByteBuf - -Dio.netty.buffer.checkAccessible: true
00:15:22.583 [AsyncHttpClient-1-2] DEBUG io.netty.buffer.AbstractByteBuf - -Dio.netty.buffer.checkBounds: true
00:15:22.584 [AsyncHttpClient-1-2] DEBUG io.netty.util.ResourceLeakDetectorFactory - Loaded default ResourceLeakDetector: io.netty.util.ResourceLeakDetector@3742ae15
00:15:22.598 [AsyncHttpClient-1-2] DEBUG org.asynchttpclient.netty.channel.NettyConnectListener - Using new Channel '[id: 0x80f2b563, L:/127.0.0.1:60980 - R:localhost/127.0.0.1:53651]' for 'POST' to '/session'
00:15:22.619 [AsyncHttpClient-1-2] DEBUG io.netty.util.Recycler - -Dio.netty.recycler.maxCapacityPerThread: 4096
00:15:22.619 [AsyncHttpClient-1-2] DEBUG io.netty.util.Recycler - -Dio.netty.recycler.ratio: 8
00:15:22.619 [AsyncHttpClient-1-2] DEBUG io.netty.util.Recycler - -Dio.netty.recycler.chunkSize: 32
00:15:22.619 [AsyncHttpClient-1-2] DEBUG io.netty.util.Recycler - -Dio.netty.recycler.blocking: false
00:15:23.313 [AsyncHttpClient-1-2] DEBUG io.netty.handler.codec.compression.Brotli - brotli4j not in the classpath; Brotli support will be unavailable.
00:15:23.318 [AsyncHttpClient-1-2] DEBUG org.asynchttpclient.netty.handler.HttpHandler - 

Request DefaultHttpRequest(decodeResult: success, version: HTTP/1.1)
POST /session HTTP/1.1
User-Agent: selenium/4.1.2 (java windows)
Content-Length: 644
Content-Type: application/json; charset=utf-8
host: localhost:53651
accept: */*

Response DefaultHttpResponse(decodeResult: success, version: HTTP/1.1)
HTTP/1.1 200 OK
Content-Type: application/json; charset=utf-8
cache-control: no-cache
content-length: 788

00:15:23.331 [AsyncHttpClient-1-2] DEBUG org.asynchttpclient.netty.channel.ChannelManager - Adding key: http://localhost:53651 for channel [id: 0x80f2b563, L:/127.0.0.1:60980 - R:localhost/127.0.0.1:53651]
00:15:23.423 [AsyncHttpClient-1-3] DEBUG org.asynchttpclient.netty.channel.NettyConnectListener - Using new Channel '[id: 0xb4ba72c4, L:/127.0.0.1:60987 - R:localhost/127.0.0.1:60981]' for 'GET' to '/json/version'
00:15:23.431 [AsyncHttpClient-1-3] DEBUG org.asynchttpclient.netty.handler.HttpHandler - 

Request DefaultFullHttpRequest(decodeResult: success, version: HTTP/1.1, content: EmptyByteBufBE)
GET /json/version HTTP/1.1
User-Agent: selenium/4.1.2 (java windows)
host: localhost:60981
accept: */*

Response DefaultHttpResponse(decodeResult: success, version: HTTP/1.1)
HTTP/1.1 200 OK
Content-Type: application/json; charset=UTF-8
content-length: 424

00:15:23.432 [AsyncHttpClient-1-3] DEBUG org.asynchttpclient.netty.channel.ChannelManager - Adding key: http://localhost:60981 for channel [id: 0xb4ba72c4, L:/127.0.0.1:60987 - R:localhost/127.0.0.1:60981]
00:15:23.439 [main] DEBUG io.netty.util.internal.ThreadLocalRandom - -Dio.netty.initialSeedUniquifier: 0xc964e16a9cd63a84
00:15:23.445 [AsyncHttpClient-1-4] DEBUG org.asynchttpclient.netty.channel.NettyConnectListener - Using new Channel '[id: 0xb02b6f8b, L:/127.0.0.1:60988 - R:localhost/127.0.0.1:60981]' for 'GET' to '/devtools/browser/1e2e8b88-ee8c-4879-9bb5-f294cc7322e5'
00:15:23.452 [AsyncHttpClient-1-4] DEBUG org.asynchttpclient.netty.handler.WebSocketHandler - 

Request DefaultFullHttpRequest(decodeResult: success, version: HTTP/1.1, content: EmptyByteBufBE)
GET /devtools/browser/1e2e8b88-ee8c-4879-9bb5-f294cc7322e5 HTTP/1.1
upgrade: websocket
connection: upgrade
sec-websocket-key: qNuMYO/A4tZLYceEbKxoOw==
sec-websocket-version: 13
origin: http://localhost:60981
host: localhost:60981
accept: */*
user-agent: AHC/2.1

Response DefaultHttpResponse(decodeResult: success, version: HTTP/1.1)
HTTP/1.1 101 WebSocket Protocol Handshake
Upgrade: WebSocket
Connection: Upgrade
Sec-WebSocket-Accept: fVq+Yq2JdHu+8PCwyNy+rSy+6c4=

00:15:23.719 [AsyncHttpClient-1-1] DEBUG org.asynchttpclient.netty.channel.DefaultChannelPool - Entry count for : http://localhost:60981 : 1
00:15:23.719 [AsyncHttpClient-1-1] DEBUG org.asynchttpclient.netty.channel.DefaultChannelPool - Entry count for : http://localhost:53651 : 1
00:15:24.317 [main] DEBUG net.thucydides.core.reflection.ClassFinder - Could not load class .CucumberTestSuite
00:15:24.317 [main] DEBUG net.thucydides.core.reflection.ClassFinder - Could not load class .starter.pages.auth.LoginPage
00:15:24.317 [main] DEBUG net.thucydides.core.reflection.ClassFinder - Could not load class .starter.pages.in
00:15:24.317 [main] DEBUG net.thucydides.core.reflection.ClassFinder - Could not load class .starter.stepdefinitions.LoginStep
00:15:24.318 [main] DEBUG net.thucydides.core.reflection.ClassFinder - Could not load class META-INF.versions.9.com.sun.istack.logging.StackHelper
00:15:24.318 [main] DEBUG net.thucydides.core.reflection.ClassFinder - Could not load class META-INF.versions.9.com.sun.xml.bind.v2.runtime.reflect.opt.AccessorInjector
00:15:24.319 [main] DEBUG net.thucydides.core.reflection.ClassFinder - Could not load class META-INF.versions.9.com.sun.xml.bind.v2.runtime.reflect.opt.Injector
00:15:24.319 [main] DEBUG net.thucydides.core.reflection.ClassFinder - Could not load class META-INF.versions.9.com.sun.xml.bind.v2.runtime.reflect.opt.OptimizedAccessorFactory
00:15:24.319 [main] DEBUG net.thucydides.core.reflection.ClassFinder - Could not load class META-INF.versions.9.com.sun.xml.bind.v2.runtime.reflect.opt.OptimizedTransducedAccessorFactory
00:15:24.319 [main] DEBUG net.thucydides.core.reflection.ClassFinder - Could not load class META-INF.versions.9.io.opentelemetry.sdk.internal.CurrentJavaVersionSpecific
00:15:24.320 [main] DEBUG net.thucydides.core.reflection.ClassFinder - Could not load class META-INF.versions.9.io.opentelemetry.sdk.internal.Java9VersionSpecific
00:15:24.320 [main] DEBUG net.thucydides.core.reflection.ClassFinder - Could not load class META-INF.versions.9.javax.xml.bind.ModuleUtil
00:15:24.320 [main] DEBUG net.thucydides.core.reflection.ClassFinder - Could not load class META-INF.versions.9.module-info
00:15:24.321 [main] DEBUG net.thucydides.core.reflection.ClassFinder - Could not load class META-INF.versions.9.org.junit.platform.commons.util.ModuleUtils
00:15:24.323 [main] DEBUG net.thucydides.core.reflection.ClassFinder - Could not load class com.google.gson.internal.
00:15:24.324 [main] DEBUG net.thucydides.core.reflection.ClassFinder - Could not load class com.sun.xml.bind.v2.runtime.output.FastInfosetStreamWriterOutput
00:15:24.328 [main] DEBUG net.thucydides.core.reflection.ClassFinder - Could not load class module-info
00:15:24.358 [Forwarding get on session d949344f26a18d4099349d0f491eaca5 to remote] DEBUG org.asynchttpclient.netty.request.NettyRequestSender - Using pooled Channel '[id: 0x80f2b563, L:/127.0.0.1:60980 - R:localhost/127.0.0.1:53651]' for 'POST' to 'http://localhost:53651/session/d949344f26a18d4099349d0f491eaca5/url'
00:15:24.358 [Forwarding get on session d949344f26a18d4099349d0f491eaca5 to remote] DEBUG org.asynchttpclient.netty.request.NettyRequestSender - Using open Channel [id: 0x80f2b563, L:/127.0.0.1:60980 - R:localhost/127.0.0.1:53651] for POST '/session/d949344f26a18d4099349d0f491eaca5/url'
00:15:24.815 [AsyncHttpClient-1-1] DEBUG org.asynchttpclient.netty.channel.DefaultChannelPool - Entry count for : http://localhost:60981 : 1
00:15:25.123 [AsyncHttpClient-1-2] DEBUG org.asynchttpclient.netty.handler.HttpHandler - 

Request DefaultHttpRequest(decodeResult: success, version: HTTP/1.1)
POST /session/d949344f26a18d4099349d0f491eaca5/url HTTP/1.1
User-Agent: selenium/4.1.2 (java windows)
Content-Length: 64
Content-Type: application/json; charset=utf-8
host: localhost:53651
accept: */*

Response DefaultHttpResponse(decodeResult: success, version: HTTP/1.1)
HTTP/1.1 200 OK
Content-Type: application/json; charset=utf-8
cache-control: no-cache
content-length: 14

00:15:25.124 [AsyncHttpClient-1-2] DEBUG org.asynchttpclient.netty.channel.ChannelManager - Adding key: http://localhost:53651 for channel [id: 0x80f2b563, L:/127.0.0.1:60980 - R:localhost/127.0.0.1:53651]
00:15:25.129 [Forwarding setTimeout on session d949344f26a18d4099349d0f491eaca5 to remote] DEBUG org.asynchttpclient.netty.request.NettyRequestSender - Using pooled Channel '[id: 0x80f2b563, L:/127.0.0.1:60980 - R:localhost/127.0.0.1:53651]' for 'POST' to 'http://localhost:53651/session/d949344f26a18d4099349d0f491eaca5/timeouts'
00:15:25.130 [Forwarding setTimeout on session d949344f26a18d4099349d0f491eaca5 to remote] DEBUG org.asynchttpclient.netty.request.NettyRequestSender - Using open Channel [id: 0x80f2b563, L:/127.0.0.1:60980 - R:localhost/127.0.0.1:53651] for POST '/session/d949344f26a18d4099349d0f491eaca5/timeouts'
00:15:25.132 [AsyncHttpClient-1-2] DEBUG org.asynchttpclient.netty.handler.HttpHandler - 

Request DefaultHttpRequest(decodeResult: success, version: HTTP/1.1)
POST /session/d949344f26a18d4099349d0f491eaca5/timeouts HTTP/1.1
User-Agent: selenium/4.1.2 (java windows)
Content-Length: 22
Content-Type: application/json; charset=utf-8
host: localhost:53651
accept: */*

Response DefaultHttpResponse(decodeResult: success, version: HTTP/1.1)
HTTP/1.1 200 OK
Content-Type: application/json; charset=utf-8
cache-control: no-cache
content-length: 14

00:15:25.132 [AsyncHttpClient-1-2] DEBUG org.asynchttpclient.netty.channel.ChannelManager - Adding key: http://localhost:53651 for channel [id: 0x80f2b563, L:/127.0.0.1:60980 - R:localhost/127.0.0.1:53651]
00:15:25.143 [Forwarding getCurrentUrl on session d949344f26a18d4099349d0f491eaca5 to remote] DEBUG org.asynchttpclient.netty.request.NettyRequestSender - Using pooled Channel '[id: 0x80f2b563, L:/127.0.0.1:60980 - R:localhost/127.0.0.1:53651]' for 'GET' to 'http://localhost:53651/session/d949344f26a18d4099349d0f491eaca5/url'
00:15:25.144 [Forwarding getCurrentUrl on session d949344f26a18d4099349d0f491eaca5 to remote] DEBUG org.asynchttpclient.netty.request.NettyRequestSender - Using open Channel [id: 0x80f2b563, L:/127.0.0.1:60980 - R:localhost/127.0.0.1:53651] for GET '/session/d949344f26a18d4099349d0f491eaca5/url'
00:15:25.151 [AsyncHttpClient-1-2] DEBUG org.asynchttpclient.netty.handler.HttpHandler - 

Request DefaultFullHttpRequest(decodeResult: success, version: HTTP/1.1, content: EmptyByteBufBE)
GET /session/d949344f26a18d4099349d0f491eaca5/url HTTP/1.1
User-Agent: selenium/4.1.2 (java windows)
Cache-Control: no-cache
Content-Type: application/json; charset=utf-8
host: localhost:53651
accept: */*

Response DefaultHttpResponse(decodeResult: success, version: HTTP/1.1)
HTTP/1.1 200 OK
Content-Type: application/json; charset=utf-8
cache-control: no-cache
content-length: 46

00:15:25.151 [AsyncHttpClient-1-2] DEBUG org.asynchttpclient.netty.channel.ChannelManager - Adding key: http://localhost:53651 for channel [id: 0x80f2b563, L:/127.0.0.1:60980 - R:localhost/127.0.0.1:53651]
  &amp#27;[32mGiven &amp#27;[0m&amp#27;[32mI am on the landing page&amp#27;[0m        &amp#27;[90m# starter.stepdefinitions.LoginStep.iAmOnTheLandingPage()&amp#27;[0m
00:15:25.182 [main] DEBUG net.serenitybdd.core.photography.Darkroom - Opening darkroom
00:15:25.183 [Darkroom Processing Line] DEBUG net.serenitybdd.core.photography.DarkroomProcessingLine - Darkroom processing line starting up
00:15:25.184 [Forwarding screenshot on session d949344f26a18d4099349d0f491eaca5 to remote] DEBUG org.asynchttpclient.netty.request.NettyRequestSender - Using pooled Channel '[id: 0x80f2b563, L:/127.0.0.1:60980 - R:localhost/127.0.0.1:53651]' for 'GET' to 'http://localhost:53651/session/d949344f26a18d4099349d0f491eaca5/screenshot'
00:15:25.185 [Forwarding screenshot on session d949344f26a18d4099349d0f491eaca5 to remote] DEBUG org.asynchttpclient.netty.request.NettyRequestSender - Using open Channel [id: 0x80f2b563, L:/127.0.0.1:60980 - R:localhost/127.0.0.1:53651] for GET '/session/d949344f26a18d4099349d0f491eaca5/screenshot'
00:15:25.457 [AsyncHttpClient-1-2] DEBUG org.asynchttpclient.netty.handler.HttpHandler - 

Request DefaultFullHttpRequest(decodeResult: success, version: HTTP/1.1, content: EmptyByteBufBE)
GET /session/d949344f26a18d4099349d0f491eaca5/screenshot HTTP/1.1
User-Agent: selenium/4.1.2 (java windows)
Cache-Control: no-cache
Content-Type: application/json; charset=utf-8
host: localhost:53651
accept: */*

Response DefaultHttpResponse(decodeResult: success, version: HTTP/1.1)
HTTP/1.1 200 OK
Content-Type: application/json; charset=utf-8
cache-control: no-cache
content-length: 97316

00:15:25.460 [AsyncHttpClient-1-2] DEBUG org.asynchttpclient.netty.channel.ChannelManager - Adding key: http://localhost:53651 for channel [id: 0x80f2b563, L:/127.0.0.1:60980 - R:localhost/127.0.0.1:53651]
00:15:25.537 [main] DEBUG net.serenitybdd.core.photography.Darkroom - Send negative for processing for target\site\serenity\7b449604e13161b08da2a043c0f8cb270601a4fa528eb117212db8df25c0ed61.png
00:15:25.538 [Darkroom Processing Line] DEBUG net.serenitybdd.core.photography.DarkroomProcessingLine - Processing screenshot image in /var/screenshots/screenshot-11657634985028881855
00:15:25.538 [Darkroom Processing Line] DEBUG net.serenitybdd.core.photography.DarkroomProcessingLine - Saving screenshot to target\site\serenity\7b449604e13161b08da2a043c0f8cb270601a4fa528eb117212db8df25c0ed61.png
00:15:25.558 [Forwarding findElement on session d949344f26a18d4099349d0f491eaca5 to remote] DEBUG org.asynchttpclient.netty.request.NettyRequestSender - Using pooled Channel '[id: 0x80f2b563, L:/127.0.0.1:60980 - R:localhost/127.0.0.1:53651]' for 'POST' to 'http://localhost:53651/session/d949344f26a18d4099349d0f491eaca5/element'
00:15:25.559 [Forwarding findElement on session d949344f26a18d4099349d0f491eaca5 to remote] DEBUG org.asynchttpclient.netty.request.NettyRequestSender - Using open Channel [id: 0x80f2b563, L:/127.0.0.1:60980 - R:localhost/127.0.0.1:53651] for POST '/session/d949344f26a18d4099349d0f491eaca5/element'
00:15:25.571 [AsyncHttpClient-1-2] DEBUG org.asynchttpclient.netty.handler.HttpHandler - 

Request DefaultHttpRequest(decodeResult: success, version: HTTP/1.1)
POST /session/d949344f26a18d4099349d0f491eaca5/element HTTP/1.1
User-Agent: selenium/4.1.2 (java windows)
Content-Length: 80
Content-Type: application/json; charset=utf-8
host: localhost:53651
accept: */*

Response DefaultHttpResponse(decodeResult: success, version: HTTP/1.1)
HTTP/1.1 200 OK
Content-Type: application/json; charset=utf-8
cache-control: no-cache
content-length: 88

00:15:25.571 [AsyncHttpClient-1-2] DEBUG org.asynchttpclient.netty.channel.ChannelManager - Adding key: http://localhost:53651 for channel [id: 0x80f2b563, L:/127.0.0.1:60980 - R:localhost/127.0.0.1:53651]
00:15:25.574 [Forwarding getElementTagName on session d949344f26a18d4099349d0f491eaca5 to remote] DEBUG org.asynchttpclient.netty.request.NettyRequestSender - Using pooled Channel '[id: 0x80f2b563, L:/127.0.0.1:60980 - R:localhost/127.0.0.1:53651]' for 'GET' to 'http://localhost:53651/session/d949344f26a18d4099349d0f491eaca5/element/caf34a66-377a-426d-aa04-eac34c2520f2/name'
00:15:25.574 [Forwarding getElementTagName on session d949344f26a18d4099349d0f491eaca5 to remote] DEBUG org.asynchttpclient.netty.request.NettyRequestSender - Using open Channel [id: 0x80f2b563, L:/127.0.0.1:60980 - R:localhost/127.0.0.1:53651] for GET '/session/d949344f26a18d4099349d0f491eaca5/element/caf34a66-377a-426d-aa04-eac34c2520f2/name'
00:15:25.578 [AsyncHttpClient-1-2] DEBUG org.asynchttpclient.netty.handler.HttpHandler - 

Request DefaultFullHttpRequest(decodeResult: success, version: HTTP/1.1, content: EmptyByteBufBE)
GET /session/d949344f26a18d4099349d0f491eaca5/element/caf34a66-377a-426d-aa04-eac34c2520f2/name HTTP/1.1
User-Agent: selenium/4.1.2 (java windows)
Cache-Control: no-cache
Content-Type: application/json; charset=utf-8
host: localhost:53651
accept: */*

Response DefaultHttpResponse(decodeResult: success, version: HTTP/1.1)
HTTP/1.1 200 OK
Content-Type: application/json; charset=utf-8
cache-control: no-cache
content-length: 15

00:15:25.579 [AsyncHttpClient-1-2] DEBUG org.asynchttpclient.netty.channel.ChannelManager - Adding key: http://localhost:53651 for channel [id: 0x80f2b563, L:/127.0.0.1:60980 - R:localhost/127.0.0.1:53651]
00:15:25.581 [Forwarding getElementTagName on session d949344f26a18d4099349d0f491eaca5 to remote] DEBUG org.asynchttpclient.netty.request.NettyRequestSender - Using pooled Channel '[id: 0x80f2b563, L:/127.0.0.1:60980 - R:localhost/127.0.0.1:53651]' for 'GET' to 'http://localhost:53651/session/d949344f26a18d4099349d0f491eaca5/element/caf34a66-377a-426d-aa04-eac34c2520f2/name'
00:15:25.581 [Forwarding getElementTagName on session d949344f26a18d4099349d0f491eaca5 to remote] DEBUG org.asynchttpclient.netty.request.NettyRequestSender - Using open Channel [id: 0x80f2b563, L:/127.0.0.1:60980 - R:localhost/127.0.0.1:53651] for GET '/session/d949344f26a18d4099349d0f491eaca5/element/caf34a66-377a-426d-aa04-eac34c2520f2/name'
00:15:25.586 [AsyncHttpClient-1-2] DEBUG org.asynchttpclient.netty.handler.HttpHandler - 

Request DefaultFullHttpRequest(decodeResult: success, version: HTTP/1.1, content: EmptyByteBufBE)
GET /session/d949344f26a18d4099349d0f491eaca5/element/caf34a66-377a-426d-aa04-eac34c2520f2/name HTTP/1.1
User-Agent: selenium/4.1.2 (java windows)
Cache-Control: no-cache
Content-Type: application/json; charset=utf-8
host: localhost:53651
accept: */*

Response DefaultHttpResponse(decodeResult: success, version: HTTP/1.1)
HTTP/1.1 200 OK
Content-Type: application/json; charset=utf-8
cache-control: no-cache
content-length: 15

00:15:25.586 [AsyncHttpClient-1-2] DEBUG org.asynchttpclient.netty.channel.ChannelManager - Adding key: http://localhost:53651 for channel [id: 0x80f2b563, L:/127.0.0.1:60980 - R:localhost/127.0.0.1:53651]
00:15:25.590 [Forwarding findElement on session d949344f26a18d4099349d0f491eaca5 to remote] DEBUG org.asynchttpclient.netty.request.NettyRequestSender - Using pooled Channel '[id: 0x80f2b563, L:/127.0.0.1:60980 - R:localhost/127.0.0.1:53651]' for 'POST' to 'http://localhost:53651/session/d949344f26a18d4099349d0f491eaca5/element'
00:15:25.590 [Forwarding findElement on session d949344f26a18d4099349d0f491eaca5 to remote] DEBUG org.asynchttpclient.netty.request.NettyRequestSender - Using open Channel [id: 0x80f2b563, L:/127.0.0.1:60980 - R:localhost/127.0.0.1:53651] for POST '/session/d949344f26a18d4099349d0f491eaca5/element'
00:15:25.600 [AsyncHttpClient-1-2] DEBUG org.asynchttpclient.netty.handler.HttpHandler - 

Request DefaultHttpRequest(decodeResult: success, version: HTTP/1.1)
POST /session/d949344f26a18d4099349d0f491eaca5/element HTTP/1.1
User-Agent: selenium/4.1.2 (java windows)
Content-Length: 80
Content-Type: application/json; charset=utf-8
host: localhost:53651
accept: */*

Response DefaultHttpResponse(decodeResult: success, version: HTTP/1.1)
HTTP/1.1 200 OK
Content-Type: application/json; charset=utf-8
cache-control: no-cache
content-length: 88

00:15:25.600 [AsyncHttpClient-1-2] DEBUG org.asynchttpclient.netty.channel.ChannelManager - Adding key: http://localhost:53651 for channel [id: 0x80f2b563, L:/127.0.0.1:60980 - R:localhost/127.0.0.1:53651]
00:15:25.603 [Forwarding clickElement on session d949344f26a18d4099349d0f491eaca5 to remote] DEBUG org.asynchttpclient.netty.request.NettyRequestSender - Using pooled Channel '[id: 0x80f2b563, L:/127.0.0.1:60980 - R:localhost/127.0.0.1:53651]' for 'POST' to 'http://localhost:53651/session/d949344f26a18d4099349d0f491eaca5/element/caf34a66-377a-426d-aa04-eac34c2520f2/click'
00:15:25.603 [Forwarding clickElement on session d949344f26a18d4099349d0f491eaca5 to remote] DEBUG org.asynchttpclient.netty.request.NettyRequestSender - Using open Channel [id: 0x80f2b563, L:/127.0.0.1:60980 - R:localhost/127.0.0.1:53651] for POST '/session/d949344f26a18d4099349d0f491eaca5/element/caf34a66-377a-426d-aa04-eac34c2520f2/click'
00:15:25.659 [AsyncHttpClient-1-2] DEBUG org.asynchttpclient.netty.handler.HttpHandler - 

Request DefaultHttpRequest(decodeResult: success, version: HTTP/1.1)
POST /session/d949344f26a18d4099349d0f491eaca5/element/caf34a66-377a-426d-aa04-eac34c2520f2/click HTTP/1.1
User-Agent: selenium/4.1.2 (java windows)
Content-Length: 50
Content-Type: application/json; charset=utf-8
host: localhost:53651
accept: */*

Response DefaultHttpResponse(decodeResult: success, version: HTTP/1.1)
HTTP/1.1 200 OK
Content-Type: application/json; charset=utf-8
cache-control: no-cache
content-length: 14

00:15:25.659 [AsyncHttpClient-1-2] DEBUG org.asynchttpclient.netty.channel.ChannelManager - Adding key: http://localhost:53651 for channel [id: 0x80f2b563, L:/127.0.0.1:60980 - R:localhost/127.0.0.1:53651]
  &amp#27;[32mAnd &amp#27;[0m&amp#27;[32mI click profile button right&amp#27;[0m      &amp#27;[90m# starter.stepdefinitions.LoginStep.iClickProfileButtonRight()&amp#27;[0m
00:15:25.670 [Forwarding screenshot on session d949344f26a18d4099349d0f491eaca5 to remote] DEBUG org.asynchttpclient.netty.request.NettyRequestSender - Using pooled Channel '[id: 0x80f2b563, L:/127.0.0.1:60980 - R:localhost/127.0.0.1:53651]' for 'GET' to 'http://localhost:53651/session/d949344f26a18d4099349d0f491eaca5/screenshot'
00:15:25.670 [Forwarding screenshot on session d949344f26a18d4099349d0f491eaca5 to remote] DEBUG org.asynchttpclient.netty.request.NettyRequestSender - Using open Channel [id: 0x80f2b563, L:/127.0.0.1:60980 - R:localhost/127.0.0.1:53651] for GET '/session/d949344f26a18d4099349d0f491eaca5/screenshot'
00:15:25.912 [AsyncHttpClient-1-1] DEBUG org.asynchttpclient.netty.channel.DefaultChannelPool - Entry count for : http://localhost:60981 : 1
00:15:26.014 [AsyncHttpClient-1-2] DEBUG org.asynchttpclient.netty.handler.HttpHandler - 

Request DefaultFullHttpRequest(decodeResult: success, version: HTTP/1.1, content: EmptyByteBufBE)
GET /session/d949344f26a18d4099349d0f491eaca5/screenshot HTTP/1.1
User-Agent: selenium/4.1.2 (java windows)
Cache-Control: no-cache
Content-Type: application/json; charset=utf-8
host: localhost:53651
accept: */*

Response DefaultHttpResponse(decodeResult: success, version: HTTP/1.1)
HTTP/1.1 200 OK
Content-Type: application/json; charset=utf-8
cache-control: no-cache
content-length: 792524

00:15:26.019 [AsyncHttpClient-1-2] DEBUG org.asynchttpclient.netty.channel.ChannelManager - Adding key: http://localhost:53651 for channel [id: 0x80f2b563, L:/127.0.0.1:60980 - R:localhost/127.0.0.1:53651]
00:15:26.080 [main] DEBUG net.serenitybdd.core.photography.Darkroom - Send negative for processing for target\site\serenity\7f6caed5bc922ebd54176491f6684b871eda08934701796f2aaa1f8eecf3d7f9.png
00:15:26.081 [Darkroom Processing Line] DEBUG net.serenitybdd.core.photography.DarkroomProcessingLine - Processing screenshot image in /var/screenshots/screenshot-4935855343396586412
00:15:26.081 [Darkroom Processing Line] DEBUG net.serenitybdd.core.photography.DarkroomProcessingLine - Saving screenshot to target\site\serenity\7f6caed5bc922ebd54176491f6684b871eda08934701796f2aaa1f8eecf3d7f9.png
00:15:26.113 [Forwarding findElement on session d949344f26a18d4099349d0f491eaca5 to remote] DEBUG org.asynchttpclient.netty.request.NettyRequestSender - Using pooled Channel '[id: 0x80f2b563, L:/127.0.0.1:60980 - R:localhost/127.0.0.1:53651]' for 'POST' to 'http://localhost:53651/session/d949344f26a18d4099349d0f491eaca5/element'
00:15:26.113 [Forwarding findElement on session d949344f26a18d4099349d0f491eaca5 to remote] DEBUG org.asynchttpclient.netty.request.NettyRequestSender - Using open Channel [id: 0x80f2b563, L:/127.0.0.1:60980 - R:localhost/127.0.0.1:53651] for POST '/session/d949344f26a18d4099349d0f491eaca5/element'
00:15:26.124 [AsyncHttpClient-1-2] DEBUG org.asynchttpclient.netty.handler.HttpHandler - 

Request DefaultHttpRequest(decodeResult: success, version: HTTP/1.1)
POST /session/d949344f26a18d4099349d0f491eaca5/element HTTP/1.1
User-Agent: selenium/4.1.2 (java windows)
Content-Length: 103
Content-Type: application/json; charset=utf-8
host: localhost:53651
accept: */*

Response DefaultHttpResponse(decodeResult: success, version: HTTP/1.1)
HTTP/1.1 200 OK
Content-Type: application/json; charset=utf-8
cache-control: no-cache
content-length: 88

00:15:26.124 [AsyncHttpClient-1-2] DEBUG org.asynchttpclient.netty.channel.ChannelManager - Adding key: http://localhost:53651 for channel [id: 0x80f2b563, L:/127.0.0.1:60980 - R:localhost/127.0.0.1:53651]
00:15:26.126 [Forwarding getElementTagName on session d949344f26a18d4099349d0f491eaca5 to remote] DEBUG org.asynchttpclient.netty.request.NettyRequestSender - Using pooled Channel '[id: 0x80f2b563, L:/127.0.0.1:60980 - R:localhost/127.0.0.1:53651]' for 'GET' to 'http://localhost:53651/session/d949344f26a18d4099349d0f491eaca5/element/6f44bdcb-e5ee-4830-a08d-d763749f84fc/name'
00:15:26.127 [Forwarding getElementTagName on session d949344f26a18d4099349d0f491eaca5 to remote] DEBUG org.asynchttpclient.netty.request.NettyRequestSender - Using open Channel [id: 0x80f2b563, L:/127.0.0.1:60980 - R:localhost/127.0.0.1:53651] for GET '/session/d949344f26a18d4099349d0f491eaca5/element/6f44bdcb-e5ee-4830-a08d-d763749f84fc/name'
00:15:26.131 [AsyncHttpClient-1-2] DEBUG org.asynchttpclient.netty.handler.HttpHandler - 

Request DefaultFullHttpRequest(decodeResult: success, version: HTTP/1.1, content: EmptyByteBufBE)
GET /session/d949344f26a18d4099349d0f491eaca5/element/6f44bdcb-e5ee-4830-a08d-d763749f84fc/name HTTP/1.1
User-Agent: selenium/4.1.2 (java windows)
Cache-Control: no-cache
Content-Type: application/json; charset=utf-8
host: localhost:53651
accept: */*

Response DefaultHttpResponse(decodeResult: success, version: HTTP/1.1)
HTTP/1.1 200 OK
Content-Type: application/json; charset=utf-8
cache-control: no-cache
content-length: 15

00:15:26.131 [AsyncHttpClient-1-2] DEBUG org.asynchttpclient.netty.channel.ChannelManager - Adding key: http://localhost:53651 for channel [id: 0x80f2b563, L:/127.0.0.1:60980 - R:localhost/127.0.0.1:53651]
00:15:26.133 [Forwarding getElementTagName on session d949344f26a18d4099349d0f491eaca5 to remote] DEBUG org.asynchttpclient.netty.request.NettyRequestSender - Using pooled Channel '[id: 0x80f2b563, L:/127.0.0.1:60980 - R:localhost/127.0.0.1:53651]' for 'GET' to 'http://localhost:53651/session/d949344f26a18d4099349d0f491eaca5/element/6f44bdcb-e5ee-4830-a08d-d763749f84fc/name'
00:15:26.133 [Forwarding getElementTagName on session d949344f26a18d4099349d0f491eaca5 to remote] DEBUG org.asynchttpclient.netty.request.NettyRequestSender - Using open Channel [id: 0x80f2b563, L:/127.0.0.1:60980 - R:localhost/127.0.0.1:53651] for GET '/session/d949344f26a18d4099349d0f491eaca5/element/6f44bdcb-e5ee-4830-a08d-d763749f84fc/name'
00:15:26.137 [AsyncHttpClient-1-2] DEBUG org.asynchttpclient.netty.handler.HttpHandler - 

Request DefaultFullHttpRequest(decodeResult: success, version: HTTP/1.1, content: EmptyByteBufBE)
GET /session/d949344f26a18d4099349d0f491eaca5/element/6f44bdcb-e5ee-4830-a08d-d763749f84fc/name HTTP/1.1
User-Agent: selenium/4.1.2 (java windows)
Cache-Control: no-cache
Content-Type: application/json; charset=utf-8
host: localhost:53651
accept: */*

Response DefaultHttpResponse(decodeResult: success, version: HTTP/1.1)
HTTP/1.1 200 OK
Content-Type: application/json; charset=utf-8
cache-control: no-cache
content-length: 15

00:15:26.137 [AsyncHttpClient-1-2] DEBUG org.asynchttpclient.netty.channel.ChannelManager - Adding key: http://localhost:53651 for channel [id: 0x80f2b563, L:/127.0.0.1:60980 - R:localhost/127.0.0.1:53651]
00:15:26.139 [Forwarding findElement on session d949344f26a18d4099349d0f491eaca5 to remote] DEBUG org.asynchttpclient.netty.request.NettyRequestSender - Using pooled Channel '[id: 0x80f2b563, L:/127.0.0.1:60980 - R:localhost/127.0.0.1:53651]' for 'POST' to 'http://localhost:53651/session/d949344f26a18d4099349d0f491eaca5/element'
00:15:26.139 [Forwarding findElement on session d949344f26a18d4099349d0f491eaca5 to remote] DEBUG org.asynchttpclient.netty.request.NettyRequestSender - Using open Channel [id: 0x80f2b563, L:/127.0.0.1:60980 - R:localhost/127.0.0.1:53651] for POST '/session/d949344f26a18d4099349d0f491eaca5/element'
00:15:26.148 [AsyncHttpClient-1-2] DEBUG org.asynchttpclient.netty.handler.HttpHandler - 

Request DefaultHttpRequest(decodeResult: success, version: HTTP/1.1)
POST /session/d949344f26a18d4099349d0f491eaca5/element HTTP/1.1
User-Agent: selenium/4.1.2 (java windows)
Content-Length: 103
Content-Type: application/json; charset=utf-8
host: localhost:53651
accept: */*

Response DefaultHttpResponse(decodeResult: success, version: HTTP/1.1)
HTTP/1.1 200 OK
Content-Type: application/json; charset=utf-8
cache-control: no-cache
content-length: 88

00:15:26.149 [AsyncHttpClient-1-2] DEBUG org.asynchttpclient.netty.channel.ChannelManager - Adding key: http://localhost:53651 for channel [id: 0x80f2b563, L:/127.0.0.1:60980 - R:localhost/127.0.0.1:53651]
00:15:26.151 [Forwarding clickElement on session d949344f26a18d4099349d0f491eaca5 to remote] DEBUG org.asynchttpclient.netty.request.NettyRequestSender - Using pooled Channel '[id: 0x80f2b563, L:/127.0.0.1:60980 - R:localhost/127.0.0.1:53651]' for 'POST' to 'http://localhost:53651/session/d949344f26a18d4099349d0f491eaca5/element/6f44bdcb-e5ee-4830-a08d-d763749f84fc/click'
00:15:26.151 [Forwarding clickElement on session d949344f26a18d4099349d0f491eaca5 to remote] DEBUG org.asynchttpclient.netty.request.NettyRequestSender - Using open Channel [id: 0x80f2b563, L:/127.0.0.1:60980 - R:localhost/127.0.0.1:53651] for POST '/session/d949344f26a18d4099349d0f491eaca5/element/6f44bdcb-e5ee-4830-a08d-d763749f84fc/click'
00:15:26.196 [AsyncHttpClient-1-2] DEBUG org.asynchttpclient.netty.handler.HttpHandler - 

Request DefaultHttpRequest(decodeResult: success, version: HTTP/1.1)
POST /session/d949344f26a18d4099349d0f491eaca5/element/6f44bdcb-e5ee-4830-a08d-d763749f84fc/click HTTP/1.1
User-Agent: selenium/4.1.2 (java windows)
Content-Length: 50
Content-Type: application/json; charset=utf-8
host: localhost:53651
accept: */*

Response DefaultHttpResponse(decodeResult: success, version: HTTP/1.1)
HTTP/1.1 200 OK
Content-Type: application/json; charset=utf-8
cache-control: no-cache
content-length: 14

00:15:26.197 [AsyncHttpClient-1-2] DEBUG org.asynchttpclient.netty.channel.ChannelManager - Adding key: http://localhost:53651 for channel [id: 0x80f2b563, L:/127.0.0.1:60980 - R:localhost/127.0.0.1:53651]
  &amp#27;[32mAnd &amp#27;[0m&amp#27;[32mI click dropdown button login&amp#27;[0m     &amp#27;[90m# starter.stepdefinitions.LoginStep.iClickDropdownButtonLogin()&amp#27;[0m
00:15:26.208 [Forwarding screenshot on session d949344f26a18d4099349d0f491eaca5 to remote] DEBUG org.asynchttpclient.netty.request.NettyRequestSender - Using pooled Channel '[id: 0x80f2b563, L:/127.0.0.1:60980 - R:localhost/127.0.0.1:53651]' for 'GET' to 'http://localhost:53651/session/d949344f26a18d4099349d0f491eaca5/screenshot'
00:15:26.208 [Forwarding screenshot on session d949344f26a18d4099349d0f491eaca5 to remote] DEBUG org.asynchttpclient.netty.request.NettyRequestSender - Using open Channel [id: 0x80f2b563, L:/127.0.0.1:60980 - R:localhost/127.0.0.1:53651] for GET '/session/d949344f26a18d4099349d0f491eaca5/screenshot'
00:15:26.394 [AsyncHttpClient-1-2] DEBUG org.asynchttpclient.netty.handler.HttpHandler - 

Request DefaultFullHttpRequest(decodeResult: success, version: HTTP/1.1, content: EmptyByteBufBE)
GET /session/d949344f26a18d4099349d0f491eaca5/screenshot HTTP/1.1
User-Agent: selenium/4.1.2 (java windows)
Cache-Control: no-cache
Content-Type: application/json; charset=utf-8
host: localhost:53651
accept: */*

Response DefaultHttpResponse(decodeResult: success, version: HTTP/1.1)
HTTP/1.1 200 OK
Content-Type: application/json; charset=utf-8
cache-control: no-cache
content-length: 132336

00:15:26.396 [AsyncHttpClient-1-2] DEBUG org.asynchttpclient.netty.channel.ChannelManager - Adding key: http://localhost:53651 for channel [id: 0x80f2b563, L:/127.0.0.1:60980 - R:localhost/127.0.0.1:53651]
00:15:26.400 [main] DEBUG net.serenitybdd.core.photography.Darkroom - Send negative for processing for target\site\serenity\5aeed2e30231f4a7642e4651de56bb4be4e802ec34239a9dc40b5df8f69abdb5.png
00:15:26.401 [Darkroom Processing Line] DEBUG net.serenitybdd.core.photography.DarkroomProcessingLine - Processing screenshot image in /var/screenshots/screenshot-644574200744043292
00:15:26.401 [Darkroom Processing Line] DEBUG net.serenitybdd.core.photography.DarkroomProcessingLine - Saving screenshot to target\site\serenity\5aeed2e30231f4a7642e4651de56bb4be4e802ec34239a9dc40b5df8f69abdb5.png
00:15:26.412 [Forwarding findElement on session d949344f26a18d4099349d0f491eaca5 to remote] DEBUG org.asynchttpclient.netty.request.NettyRequestSender - Using pooled Channel '[id: 0x80f2b563, L:/127.0.0.1:60980 - R:localhost/127.0.0.1:53651]' for 'POST' to 'http://localhost:53651/session/d949344f26a18d4099349d0f491eaca5/element'
00:15:26.412 [Forwarding findElement on session d949344f26a18d4099349d0f491eaca5 to remote] DEBUG org.asynchttpclient.netty.request.NettyRequestSender - Using open Channel [id: 0x80f2b563, L:/127.0.0.1:60980 - R:localhost/127.0.0.1:53651] for POST '/session/d949344f26a18d4099349d0f491eaca5/element'
00:15:26.422 [AsyncHttpClient-1-2] DEBUG org.asynchttpclient.netty.handler.HttpHandler - 

Request DefaultHttpRequest(decodeResult: success, version: HTTP/1.1)
POST /session/d949344f26a18d4099349d0f491eaca5/element HTTP/1.1
User-Agent: selenium/4.1.2 (java windows)
Content-Length: 59
Content-Type: application/json; charset=utf-8
host: localhost:53651
accept: */*

Response DefaultHttpResponse(decodeResult: success, version: HTTP/1.1)
HTTP/1.1 200 OK
Content-Type: application/json; charset=utf-8
cache-control: no-cache
content-length: 88

00:15:26.423 [AsyncHttpClient-1-2] DEBUG org.asynchttpclient.netty.channel.ChannelManager - Adding key: http://localhost:53651 for channel [id: 0x80f2b563, L:/127.0.0.1:60980 - R:localhost/127.0.0.1:53651]
00:15:26.425 [Forwarding clearElement on session d949344f26a18d4099349d0f491eaca5 to remote] DEBUG org.asynchttpclient.netty.request.NettyRequestSender - Using pooled Channel '[id: 0x80f2b563, L:/127.0.0.1:60980 - R:localhost/127.0.0.1:53651]' for 'POST' to 'http://localhost:53651/session/d949344f26a18d4099349d0f491eaca5/element/a9100232-fa95-4290-8933-189ad9676f07/clear'
00:15:26.426 [Forwarding clearElement on session d949344f26a18d4099349d0f491eaca5 to remote] DEBUG org.asynchttpclient.netty.request.NettyRequestSender - Using open Channel [id: 0x80f2b563, L:/127.0.0.1:60980 - R:localhost/127.0.0.1:53651] for POST '/session/d949344f26a18d4099349d0f491eaca5/element/a9100232-fa95-4290-8933-189ad9676f07/clear'
00:15:26.464 [AsyncHttpClient-1-2] DEBUG org.asynchttpclient.netty.handler.HttpHandler - 

Request DefaultHttpRequest(decodeResult: success, version: HTTP/1.1)
POST /session/d949344f26a18d4099349d0f491eaca5/element/a9100232-fa95-4290-8933-189ad9676f07/clear HTTP/1.1
User-Agent: selenium/4.1.2 (java windows)
Content-Length: 50
Content-Type: application/json; charset=utf-8
host: localhost:53651
accept: */*

Response DefaultHttpResponse(decodeResult: success, version: HTTP/1.1)
HTTP/1.1 200 OK
Content-Type: application/json; charset=utf-8
cache-control: no-cache
content-length: 14

00:15:26.464 [AsyncHttpClient-1-2] DEBUG org.asynchttpclient.netty.channel.ChannelManager - Adding key: http://localhost:53651 for channel [id: 0x80f2b563, L:/127.0.0.1:60980 - R:localhost/127.0.0.1:53651]
00:15:26.468 [Forwarding sendKeysToElement on session d949344f26a18d4099349d0f491eaca5 to remote] DEBUG org.asynchttpclient.netty.request.NettyRequestSender - Using pooled Channel '[id: 0x80f2b563, L:/127.0.0.1:60980 - R:localhost/127.0.0.1:53651]' for 'POST' to 'http://localhost:53651/session/d949344f26a18d4099349d0f491eaca5/element/a9100232-fa95-4290-8933-189ad9676f07/value'
00:15:26.468 [Forwarding sendKeysToElement on session d949344f26a18d4099349d0f491eaca5 to remote] DEBUG org.asynchttpclient.netty.request.NettyRequestSender - Using open Channel [id: 0x80f2b563, L:/127.0.0.1:60980 - R:localhost/127.0.0.1:53651] for POST '/session/d949344f26a18d4099349d0f491eaca5/element/a9100232-fa95-4290-8933-189ad9676f07/value'
00:15:26.510 [AsyncHttpClient-1-2] DEBUG org.asynchttpclient.netty.handler.HttpHandler - 

Request DefaultHttpRequest(decodeResult: success, version: HTTP/1.1)
POST /session/d949344f26a18d4099349d0f491eaca5/element/a9100232-fa95-4290-8933-189ad9676f07/value HTTP/1.1
User-Agent: selenium/4.1.2 (java windows)
Content-Length: 121
Content-Type: application/json; charset=utf-8
host: localhost:53651
accept: */*

Response DefaultHttpResponse(decodeResult: success, version: HTTP/1.1)
HTTP/1.1 200 OK
Content-Type: application/json; charset=utf-8
cache-control: no-cache
content-length: 14

00:15:26.510 [AsyncHttpClient-1-2] DEBUG org.asynchttpclient.netty.channel.ChannelManager - Adding key: http://localhost:53651 for channel [id: 0x80f2b563, L:/127.0.0.1:60980 - R:localhost/127.0.0.1:53651]
  &amp#27;[32mWhen &amp#27;[0m&amp#27;[32mI input email&amp#27;[0m                    &amp#27;[90m# starter.stepdefinitions.LoginStep.iInputEmail()&amp#27;[0m
00:15:26.519 [Forwarding screenshot on session d949344f26a18d4099349d0f491eaca5 to remote] DEBUG org.asynchttpclient.netty.request.NettyRequestSender - Using pooled Channel '[id: 0x80f2b563, L:/127.0.0.1:60980 - R:localhost/127.0.0.1:53651]' for 'GET' to 'http://localhost:53651/session/d949344f26a18d4099349d0f491eaca5/screenshot'
00:15:26.519 [Forwarding screenshot on session d949344f26a18d4099349d0f491eaca5 to remote] DEBUG org.asynchttpclient.netty.request.NettyRequestSender - Using open Channel [id: 0x80f2b563, L:/127.0.0.1:60980 - R:localhost/127.0.0.1:53651] for GET '/session/d949344f26a18d4099349d0f491eaca5/screenshot'
00:15:26.680 [AsyncHttpClient-1-2] DEBUG org.asynchttpclient.netty.handler.HttpHandler - 

Request DefaultFullHttpRequest(decodeResult: success, version: HTTP/1.1, content: EmptyByteBufBE)
GET /session/d949344f26a18d4099349d0f491eaca5/screenshot HTTP/1.1
User-Agent: selenium/4.1.2 (java windows)
Cache-Control: no-cache
Content-Type: application/json; charset=utf-8
host: localhost:53651
accept: */*

Response DefaultHttpResponse(decodeResult: success, version: HTTP/1.1)
HTTP/1.1 200 OK
Content-Type: application/json; charset=utf-8
cache-control: no-cache
content-length: 132152

00:15:26.681 [AsyncHttpClient-1-2] DEBUG org.asynchttpclient.netty.channel.ChannelManager - Adding key: http://localhost:53651 for channel [id: 0x80f2b563, L:/127.0.0.1:60980 - R:localhost/127.0.0.1:53651]
00:15:26.685 [main] DEBUG net.serenitybdd.core.photography.Darkroom - Send negative for processing for target\site\serenity\64a8958594e31576347dd9efdeec0abbb1179a0a797be4fe5ae60b2321a87983.png
00:15:26.686 [Darkroom Processing Line] DEBUG net.serenitybdd.core.photography.DarkroomProcessingLine - Processing screenshot image in /var/screenshots/screenshot-1299749452557438821
00:15:26.686 [Darkroom Processing Line] DEBUG net.serenitybdd.core.photography.DarkroomProcessingLine - Saving screenshot to target\site\serenity\64a8958594e31576347dd9efdeec0abbb1179a0a797be4fe5ae60b2321a87983.png
00:15:26.693 [Forwarding findElement on session d949344f26a18d4099349d0f491eaca5 to remote] DEBUG org.asynchttpclient.netty.request.NettyRequestSender - Using pooled Channel '[id: 0x80f2b563, L:/127.0.0.1:60980 - R:localhost/127.0.0.1:53651]' for 'POST' to 'http://localhost:53651/session/d949344f26a18d4099349d0f491eaca5/element'
00:15:26.693 [Forwarding findElement on session d949344f26a18d4099349d0f491eaca5 to remote] DEBUG org.asynchttpclient.netty.request.NettyRequestSender - Using open Channel [id: 0x80f2b563, L:/127.0.0.1:60980 - R:localhost/127.0.0.1:53651] for POST '/session/d949344f26a18d4099349d0f491eaca5/element'
00:15:26.703 [AsyncHttpClient-1-2] DEBUG org.asynchttpclient.netty.handler.HttpHandler - 

Request DefaultHttpRequest(decodeResult: success, version: HTTP/1.1)
POST /session/d949344f26a18d4099349d0f491eaca5/element HTTP/1.1
User-Agent: selenium/4.1.2 (java windows)
Content-Length: 62
Content-Type: application/json; charset=utf-8
host: localhost:53651
accept: */*

Response DefaultHttpResponse(decodeResult: success, version: HTTP/1.1)
HTTP/1.1 200 OK
Content-Type: application/json; charset=utf-8
cache-control: no-cache
content-length: 88

00:15:26.704 [AsyncHttpClient-1-2] DEBUG org.asynchttpclient.netty.channel.ChannelManager - Adding key: http://localhost:53651 for channel [id: 0x80f2b563, L:/127.0.0.1:60980 - R:localhost/127.0.0.1:53651]
00:15:26.705 [Forwarding clearElement on session d949344f26a18d4099349d0f491eaca5 to remote] DEBUG org.asynchttpclient.netty.request.NettyRequestSender - Using pooled Channel '[id: 0x80f2b563, L:/127.0.0.1:60980 - R:localhost/127.0.0.1:53651]' for 'POST' to 'http://localhost:53651/session/d949344f26a18d4099349d0f491eaca5/element/98d4e9ea-f10a-4a7e-afdf-b58445d6119e/clear'
00:15:26.705 [Forwarding clearElement on session d949344f26a18d4099349d0f491eaca5 to remote] DEBUG org.asynchttpclient.netty.request.NettyRequestSender - Using open Channel [id: 0x80f2b563, L:/127.0.0.1:60980 - R:localhost/127.0.0.1:53651] for POST '/session/d949344f26a18d4099349d0f491eaca5/element/98d4e9ea-f10a-4a7e-afdf-b58445d6119e/clear'
00:15:26.737 [AsyncHttpClient-1-2] DEBUG org.asynchttpclient.netty.handler.HttpHandler - 

Request DefaultHttpRequest(decodeResult: success, version: HTTP/1.1)
POST /session/d949344f26a18d4099349d0f491eaca5/element/98d4e9ea-f10a-4a7e-afdf-b58445d6119e/clear HTTP/1.1
User-Agent: selenium/4.1.2 (java windows)
Content-Length: 50
Content-Type: application/json; charset=utf-8
host: localhost:53651
accept: */*

Response DefaultHttpResponse(decodeResult: success, version: HTTP/1.1)
HTTP/1.1 200 OK
Content-Type: application/json; charset=utf-8
cache-control: no-cache
content-length: 14

00:15:26.738 [AsyncHttpClient-1-2] DEBUG org.asynchttpclient.netty.channel.ChannelManager - Adding key: http://localhost:53651 for channel [id: 0x80f2b563, L:/127.0.0.1:60980 - R:localhost/127.0.0.1:53651]
00:15:26.741 [Forwarding sendKeysToElement on session d949344f26a18d4099349d0f491eaca5 to remote] DEBUG org.asynchttpclient.netty.request.NettyRequestSender - Using pooled Channel '[id: 0x80f2b563, L:/127.0.0.1:60980 - R:localhost/127.0.0.1:53651]' for 'POST' to 'http://localhost:53651/session/d949344f26a18d4099349d0f491eaca5/element/98d4e9ea-f10a-4a7e-afdf-b58445d6119e/value'
00:15:26.741 [Forwarding sendKeysToElement on session d949344f26a18d4099349d0f491eaca5 to remote] DEBUG org.asynchttpclient.netty.request.NettyRequestSender - Using open Channel [id: 0x80f2b563, L:/127.0.0.1:60980 - R:localhost/127.0.0.1:53651] for POST '/session/d949344f26a18d4099349d0f491eaca5/element/98d4e9ea-f10a-4a7e-afdf-b58445d6119e/value'
00:15:26.788 [AsyncHttpClient-1-2] DEBUG org.asynchttpclient.netty.handler.HttpHandler - 

Request DefaultHttpRequest(decodeResult: success, version: HTTP/1.1)
POST /session/d949344f26a18d4099349d0f491eaca5/element/98d4e9ea-f10a-4a7e-afdf-b58445d6119e/value HTTP/1.1
User-Agent: selenium/4.1.2 (java windows)
Content-Length: 151
Content-Type: application/json; charset=utf-8
host: localhost:53651
accept: */*

Response DefaultHttpResponse(decodeResult: success, version: HTTP/1.1)
HTTP/1.1 200 OK
Content-Type: application/json; charset=utf-8
cache-control: no-cache
content-length: 14

00:15:26.789 [AsyncHttpClient-1-2] DEBUG org.asynchttpclient.netty.channel.ChannelManager - Adding key: http://localhost:53651 for channel [id: 0x80f2b563, L:/127.0.0.1:60980 - R:localhost/127.0.0.1:53651]
  &amp#27;[32mAnd &amp#27;[0m&amp#27;[32mI input password&amp#27;[0m                  &amp#27;[90m# starter.stepdefinitions.LoginStep.iInputPassword()&amp#27;[0m
00:15:26.795 [Forwarding screenshot on session d949344f26a18d4099349d0f491eaca5 to remote] DEBUG org.asynchttpclient.netty.request.NettyRequestSender - Using pooled Channel '[id: 0x80f2b563, L:/127.0.0.1:60980 - R:localhost/127.0.0.1:53651]' for 'GET' to 'http://localhost:53651/session/d949344f26a18d4099349d0f491eaca5/screenshot'
00:15:26.795 [Forwarding screenshot on session d949344f26a18d4099349d0f491eaca5 to remote] DEBUG org.asynchttpclient.netty.request.NettyRequestSender - Using open Channel [id: 0x80f2b563, L:/127.0.0.1:60980 - R:localhost/127.0.0.1:53651] for GET '/session/d949344f26a18d4099349d0f491eaca5/screenshot'
00:15:26.962 [AsyncHttpClient-1-2] DEBUG org.asynchttpclient.netty.handler.HttpHandler - 

Request DefaultFullHttpRequest(decodeResult: success, version: HTTP/1.1, content: EmptyByteBufBE)
GET /session/d949344f26a18d4099349d0f491eaca5/screenshot HTTP/1.1
User-Agent: selenium/4.1.2 (java windows)
Cache-Control: no-cache
Content-Type: application/json; charset=utf-8
host: localhost:53651
accept: */*

Response DefaultHttpResponse(decodeResult: success, version: HTTP/1.1)
HTTP/1.1 200 OK
Content-Type: application/json; charset=utf-8
cache-control: no-cache
content-length: 131468

00:15:26.963 [AsyncHttpClient-1-2] DEBUG org.asynchttpclient.netty.channel.ChannelManager - Adding key: http://localhost:53651 for channel [id: 0x80f2b563, L:/127.0.0.1:60980 - R:localhost/127.0.0.1:53651]
00:15:26.967 [main] DEBUG net.serenitybdd.core.photography.Darkroom - Send negative for processing for target\site\serenity\4e807c1aeec3741fafbdd361f917860e5d8fc8405319c641462760606f4882e3.png
00:15:26.967 [Darkroom Processing Line] DEBUG net.serenitybdd.core.photography.DarkroomProcessingLine - Processing screenshot image in /var/screenshots/screenshot-527006696295344640
00:15:26.968 [Darkroom Processing Line] DEBUG net.serenitybdd.core.photography.DarkroomProcessingLine - Saving screenshot to target\site\serenity\4e807c1aeec3741fafbdd361f917860e5d8fc8405319c641462760606f4882e3.png
00:15:26.975 [Forwarding findElement on session d949344f26a18d4099349d0f491eaca5 to remote] DEBUG org.asynchttpclient.netty.request.NettyRequestSender - Using pooled Channel '[id: 0x80f2b563, L:/127.0.0.1:60980 - R:localhost/127.0.0.1:53651]' for 'POST' to 'http://localhost:53651/session/d949344f26a18d4099349d0f491eaca5/element'
00:15:26.975 [Forwarding findElement on session d949344f26a18d4099349d0f491eaca5 to remote] DEBUG org.asynchttpclient.netty.request.NettyRequestSender - Using open Channel [id: 0x80f2b563, L:/127.0.0.1:60980 - R:localhost/127.0.0.1:53651] for POST '/session/d949344f26a18d4099349d0f491eaca5/element'
00:15:26.986 [AsyncHttpClient-1-2] DEBUG org.asynchttpclient.netty.handler.HttpHandler - 

Request DefaultHttpRequest(decodeResult: success, version: HTTP/1.1)
POST /session/d949344f26a18d4099349d0f491eaca5/element HTTP/1.1
User-Agent: selenium/4.1.2 (java windows)
Content-Length: 90
Content-Type: application/json; charset=utf-8
host: localhost:53651
accept: */*

Response DefaultHttpResponse(decodeResult: success, version: HTTP/1.1)
HTTP/1.1 200 OK
Content-Type: application/json; charset=utf-8
cache-control: no-cache
content-length: 88

00:15:26.986 [AsyncHttpClient-1-2] DEBUG org.asynchttpclient.netty.channel.ChannelManager - Adding key: http://localhost:53651 for channel [id: 0x80f2b563, L:/127.0.0.1:60980 - R:localhost/127.0.0.1:53651]
00:15:26.988 [Forwarding getElementTagName on session d949344f26a18d4099349d0f491eaca5 to remote] DEBUG org.asynchttpclient.netty.request.NettyRequestSender - Using pooled Channel '[id: 0x80f2b563, L:/127.0.0.1:60980 - R:localhost/127.0.0.1:53651]' for 'GET' to 'http://localhost:53651/session/d949344f26a18d4099349d0f491eaca5/element/0bcdd151-0abd-4445-b70a-50657cdcf3d9/name'
00:15:26.988 [Forwarding getElementTagName on session d949344f26a18d4099349d0f491eaca5 to remote] DEBUG org.asynchttpclient.netty.request.NettyRequestSender - Using open Channel [id: 0x80f2b563, L:/127.0.0.1:60980 - R:localhost/127.0.0.1:53651] for GET '/session/d949344f26a18d4099349d0f491eaca5/element/0bcdd151-0abd-4445-b70a-50657cdcf3d9/name'
00:15:26.992 [AsyncHttpClient-1-2] DEBUG org.asynchttpclient.netty.handler.HttpHandler - 

Request DefaultFullHttpRequest(decodeResult: success, version: HTTP/1.1, content: EmptyByteBufBE)
GET /session/d949344f26a18d4099349d0f491eaca5/element/0bcdd151-0abd-4445-b70a-50657cdcf3d9/name HTTP/1.1
User-Agent: selenium/4.1.2 (java windows)
Cache-Control: no-cache
Content-Type: application/json; charset=utf-8
host: localhost:53651
accept: */*

Response DefaultHttpResponse(decodeResult: success, version: HTTP/1.1)
HTTP/1.1 200 OK
Content-Type: application/json; charset=utf-8
cache-control: no-cache
content-length: 18

00:15:26.993 [AsyncHttpClient-1-2] DEBUG org.asynchttpclient.netty.channel.ChannelManager - Adding key: http://localhost:53651 for channel [id: 0x80f2b563, L:/127.0.0.1:60980 - R:localhost/127.0.0.1:53651]
00:15:26.995 [Forwarding getElementTagName on session d949344f26a18d4099349d0f491eaca5 to remote] DEBUG org.asynchttpclient.netty.request.NettyRequestSender - Using pooled Channel '[id: 0x80f2b563, L:/127.0.0.1:60980 - R:localhost/127.0.0.1:53651]' for 'GET' to 'http://localhost:53651/session/d949344f26a18d4099349d0f491eaca5/element/0bcdd151-0abd-4445-b70a-50657cdcf3d9/name'
00:15:26.995 [Forwarding getElementTagName on session d949344f26a18d4099349d0f491eaca5 to remote] DEBUG org.asynchttpclient.netty.request.NettyRequestSender - Using open Channel [id: 0x80f2b563, L:/127.0.0.1:60980 - R:localhost/127.0.0.1:53651] for GET '/session/d949344f26a18d4099349d0f491eaca5/element/0bcdd151-0abd-4445-b70a-50657cdcf3d9/name'
00:15:26.999 [AsyncHttpClient-1-2] DEBUG org.asynchttpclient.netty.handler.HttpHandler - 

Request DefaultFullHttpRequest(decodeResult: success, version: HTTP/1.1, content: EmptyByteBufBE)
GET /session/d949344f26a18d4099349d0f491eaca5/element/0bcdd151-0abd-4445-b70a-50657cdcf3d9/name HTTP/1.1
User-Agent: selenium/4.1.2 (java windows)
Cache-Control: no-cache
Content-Type: application/json; charset=utf-8
host: localhost:53651
accept: */*

Response DefaultHttpResponse(decodeResult: success, version: HTTP/1.1)
HTTP/1.1 200 OK
Content-Type: application/json; charset=utf-8
cache-control: no-cache
content-length: 18

00:15:27.000 [AsyncHttpClient-1-2] DEBUG org.asynchttpclient.netty.channel.ChannelManager - Adding key: http://localhost:53651 for channel [id: 0x80f2b563, L:/127.0.0.1:60980 - R:localhost/127.0.0.1:53651]
00:15:27.007 [Forwarding isElementEnabled on session d949344f26a18d4099349d0f491eaca5 to remote] DEBUG org.asynchttpclient.netty.request.NettyRequestSender - Using pooled Channel '[id: 0x80f2b563, L:/127.0.0.1:60980 - R:localhost/127.0.0.1:53651]' for 'GET' to 'http://localhost:53651/session/d949344f26a18d4099349d0f491eaca5/element/0bcdd151-0abd-4445-b70a-50657cdcf3d9/enabled'
00:15:27.007 [Forwarding isElementEnabled on session d949344f26a18d4099349d0f491eaca5 to remote] DEBUG org.asynchttpclient.netty.request.NettyRequestSender - Using open Channel [id: 0x80f2b563, L:/127.0.0.1:60980 - R:localhost/127.0.0.1:53651] for GET '/session/d949344f26a18d4099349d0f491eaca5/element/0bcdd151-0abd-4445-b70a-50657cdcf3d9/enabled'
00:15:27.017 [AsyncHttpClient-1-1] DEBUG org.asynchttpclient.netty.channel.DefaultChannelPool - Entry count for : http://localhost:60981 : 1
00:15:27.019 [AsyncHttpClient-1-2] DEBUG org.asynchttpclient.netty.handler.HttpHandler - 

Request DefaultFullHttpRequest(decodeResult: success, version: HTTP/1.1, content: EmptyByteBufBE)
GET /session/d949344f26a18d4099349d0f491eaca5/element/0bcdd151-0abd-4445-b70a-50657cdcf3d9/enabled HTTP/1.1
User-Agent: selenium/4.1.2 (java windows)
Cache-Control: no-cache
Content-Type: application/json; charset=utf-8
host: localhost:53651
accept: */*

Response DefaultHttpResponse(decodeResult: success, version: HTTP/1.1)
HTTP/1.1 200 OK
Content-Type: application/json; charset=utf-8
cache-control: no-cache
content-length: 14

00:15:27.020 [AsyncHttpClient-1-2] DEBUG org.asynchttpclient.netty.channel.ChannelManager - Adding key: http://localhost:53651 for channel [id: 0x80f2b563, L:/127.0.0.1:60980 - R:localhost/127.0.0.1:53651]
00:15:27.022 [Forwarding isElementEnabled on session d949344f26a18d4099349d0f491eaca5 to remote] DEBUG org.asynchttpclient.netty.request.NettyRequestSender - Using pooled Channel '[id: 0x80f2b563, L:/127.0.0.1:60980 - R:localhost/127.0.0.1:53651]' for 'GET' to 'http://localhost:53651/session/d949344f26a18d4099349d0f491eaca5/element/0bcdd151-0abd-4445-b70a-50657cdcf3d9/enabled'
00:15:27.022 [Forwarding isElementEnabled on session d949344f26a18d4099349d0f491eaca5 to remote] DEBUG org.asynchttpclient.netty.request.NettyRequestSender - Using open Channel [id: 0x80f2b563, L:/127.0.0.1:60980 - R:localhost/127.0.0.1:53651] for GET '/session/d949344f26a18d4099349d0f491eaca5/element/0bcdd151-0abd-4445-b70a-50657cdcf3d9/enabled'
00:15:27.028 [AsyncHttpClient-1-2] DEBUG org.asynchttpclient.netty.handler.HttpHandler - 

Request DefaultFullHttpRequest(decodeResult: success, version: HTTP/1.1, content: EmptyByteBufBE)
GET /session/d949344f26a18d4099349d0f491eaca5/element/0bcdd151-0abd-4445-b70a-50657cdcf3d9/enabled HTTP/1.1
User-Agent: selenium/4.1.2 (java windows)
Cache-Control: no-cache
Content-Type: application/json; charset=utf-8
host: localhost:53651
accept: */*

Response DefaultHttpResponse(decodeResult: success, version: HTTP/1.1)
HTTP/1.1 200 OK
Content-Type: application/json; charset=utf-8
cache-control: no-cache
content-length: 14

00:15:27.029 [AsyncHttpClient-1-2] DEBUG org.asynchttpclient.netty.channel.ChannelManager - Adding key: http://localhost:53651 for channel [id: 0x80f2b563, L:/127.0.0.1:60980 - R:localhost/127.0.0.1:53651]
00:15:27.032 [Forwarding findElement on session d949344f26a18d4099349d0f491eaca5 to remote] DEBUG org.asynchttpclient.netty.request.NettyRequestSender - Using pooled Channel '[id: 0x80f2b563, L:/127.0.0.1:60980 - R:localhost/127.0.0.1:53651]' for 'POST' to 'http://localhost:53651/session/d949344f26a18d4099349d0f491eaca5/element'
00:15:27.032 [Forwarding findElement on session d949344f26a18d4099349d0f491eaca5 to remote] DEBUG org.asynchttpclient.netty.request.NettyRequestSender - Using open Channel [id: 0x80f2b563, L:/127.0.0.1:60980 - R:localhost/127.0.0.1:53651] for POST '/session/d949344f26a18d4099349d0f491eaca5/element'
00:15:27.039 [AsyncHttpClient-1-2] DEBUG org.asynchttpclient.netty.handler.HttpHandler - 

Request DefaultHttpRequest(decodeResult: success, version: HTTP/1.1)
POST /session/d949344f26a18d4099349d0f491eaca5/element HTTP/1.1
User-Agent: selenium/4.1.2 (java windows)
Content-Length: 90
Content-Type: application/json; charset=utf-8
host: localhost:53651
accept: */*

Response DefaultHttpResponse(decodeResult: success, version: HTTP/1.1)
HTTP/1.1 200 OK
Content-Type: application/json; charset=utf-8
cache-control: no-cache
content-length: 88

00:15:27.040 [AsyncHttpClient-1-2] DEBUG org.asynchttpclient.netty.channel.ChannelManager - Adding key: http://localhost:53651 for channel [id: 0x80f2b563, L:/127.0.0.1:60980 - R:localhost/127.0.0.1:53651]
00:15:27.041 [Forwarding clickElement on session d949344f26a18d4099349d0f491eaca5 to remote] DEBUG org.asynchttpclient.netty.request.NettyRequestSender - Using pooled Channel '[id: 0x80f2b563, L:/127.0.0.1:60980 - R:localhost/127.0.0.1:53651]' for 'POST' to 'http://localhost:53651/session/d949344f26a18d4099349d0f491eaca5/element/0bcdd151-0abd-4445-b70a-50657cdcf3d9/click'
00:15:27.041 [Forwarding clickElement on session d949344f26a18d4099349d0f491eaca5 to remote] DEBUG org.asynchttpclient.netty.request.NettyRequestSender - Using open Channel [id: 0x80f2b563, L:/127.0.0.1:60980 - R:localhost/127.0.0.1:53651] for POST '/session/d949344f26a18d4099349d0f491eaca5/element/0bcdd151-0abd-4445-b70a-50657cdcf3d9/click'
00:15:27.138 [AsyncHttpClient-1-2] DEBUG org.asynchttpclient.netty.handler.HttpHandler - 

Request DefaultHttpRequest(decodeResult: success, version: HTTP/1.1)
POST /session/d949344f26a18d4099349d0f491eaca5/element/0bcdd151-0abd-4445-b70a-50657cdcf3d9/click HTTP/1.1
User-Agent: selenium/4.1.2 (java windows)
Content-Length: 50
Content-Type: application/json; charset=utf-8
host: localhost:53651
accept: */*

Response DefaultHttpResponse(decodeResult: success, version: HTTP/1.1)
HTTP/1.1 200 OK
Content-Type: application/json; charset=utf-8
cache-control: no-cache
content-length: 14

00:15:27.138 [AsyncHttpClient-1-2] DEBUG org.asynchttpclient.netty.channel.ChannelManager - Adding key: http://localhost:53651 for channel [id: 0x80f2b563, L:/127.0.0.1:60980 - R:localhost/127.0.0.1:53651]
  &amp#27;[32mAnd &amp#27;[0m&amp#27;[32mI click button login&amp#27;[0m              &amp#27;[90m# starter.stepdefinitions.LoginStep.iClickButtonLogin()&amp#27;[0m
00:15:27.151 [Forwarding screenshot on session d949344f26a18d4099349d0f491eaca5 to remote] DEBUG org.asynchttpclient.netty.request.NettyRequestSender - Using pooled Channel '[id: 0x80f2b563, L:/127.0.0.1:60980 - R:localhost/127.0.0.1:53651]' for 'GET' to 'http://localhost:53651/session/d949344f26a18d4099349d0f491eaca5/screenshot'
00:15:27.152 [Forwarding screenshot on session d949344f26a18d4099349d0f491eaca5 to remote] DEBUG org.asynchttpclient.netty.request.NettyRequestSender - Using open Channel [id: 0x80f2b563, L:/127.0.0.1:60980 - R:localhost/127.0.0.1:53651] for GET '/session/d949344f26a18d4099349d0f491eaca5/screenshot'
00:15:27.374 [AsyncHttpClient-1-2] DEBUG org.asynchttpclient.netty.handler.HttpHandler - 

Request DefaultFullHttpRequest(decodeResult: success, version: HTTP/1.1, content: EmptyByteBufBE)
GET /session/d949344f26a18d4099349d0f491eaca5/screenshot HTTP/1.1
User-Agent: selenium/4.1.2 (java windows)
Cache-Control: no-cache
Content-Type: application/json; charset=utf-8
host: localhost:53651
accept: */*

Response DefaultHttpResponse(decodeResult: success, version: HTTP/1.1)
HTTP/1.1 200 OK
Content-Type: application/json; charset=utf-8
cache-control: no-cache
content-length: 59720

00:15:27.375 [AsyncHttpClient-1-2] DEBUG org.asynchttpclient.netty.channel.ChannelManager - Adding key: http://localhost:53651 for channel [id: 0x80f2b563, L:/127.0.0.1:60980 - R:localhost/127.0.0.1:53651]
00:15:27.384 [main] DEBUG net.serenitybdd.core.photography.Darkroom - Send negative for processing for target\site\serenity\e0377b80f38eebb15a6ab4de900461ab077ecf584f1d04149a5bb3e1c69da149.png
00:15:27.385 [Darkroom Processing Line] DEBUG net.serenitybdd.core.photography.DarkroomProcessingLine - Processing screenshot image in /var/screenshots/screenshot-402396582999595463
00:15:27.385 [Darkroom Processing Line] DEBUG net.serenitybdd.core.photography.DarkroomProcessingLine - Saving screenshot to target\site\serenity\e0377b80f38eebb15a6ab4de900461ab077ecf584f1d04149a5bb3e1c69da149.png
00:15:27.400 [Forwarding findElement on session d949344f26a18d4099349d0f491eaca5 to remote] DEBUG org.asynchttpclient.netty.request.NettyRequestSender - Using pooled Channel '[id: 0x80f2b563, L:/127.0.0.1:60980 - R:localhost/127.0.0.1:53651]' for 'POST' to 'http://localhost:53651/session/d949344f26a18d4099349d0f491eaca5/element'
00:15:27.400 [Forwarding findElement on session d949344f26a18d4099349d0f491eaca5 to remote] DEBUG org.asynchttpclient.netty.request.NettyRequestSender - Using open Channel [id: 0x80f2b563, L:/127.0.0.1:60980 - R:localhost/127.0.0.1:53651] for POST '/session/d949344f26a18d4099349d0f491eaca5/element'
00:15:27.421 [AsyncHttpClient-1-2] DEBUG org.asynchttpclient.netty.handler.HttpHandler - 

Request DefaultHttpRequest(decodeResult: success, version: HTTP/1.1)
POST /session/d949344f26a18d4099349d0f491eaca5/element HTTP/1.1
User-Agent: selenium/4.1.2 (java windows)
Content-Length: 84
Content-Type: application/json; charset=utf-8
host: localhost:53651
accept: */*

Response DefaultHttpResponse(decodeResult: success, version: HTTP/1.1)
HTTP/1.1 200 OK
Content-Type: application/json; charset=utf-8
cache-control: no-cache
content-length: 88

00:15:27.421 [AsyncHttpClient-1-2] DEBUG org.asynchttpclient.netty.channel.ChannelManager - Adding key: http://localhost:53651 for channel [id: 0x80f2b563, L:/127.0.0.1:60980 - R:localhost/127.0.0.1:53651]
00:15:27.438 [Forwarding isElementDisplayed on session d949344f26a18d4099349d0f491eaca5 to remote] DEBUG org.asynchttpclient.netty.request.NettyRequestSender - Using pooled Channel '[id: 0x80f2b563, L:/127.0.0.1:60980 - R:localhost/127.0.0.1:53651]' for 'POST' to 'http://localhost:53651/session/d949344f26a18d4099349d0f491eaca5/execute/sync'
00:15:27.439 [Forwarding isElementDisplayed on session d949344f26a18d4099349d0f491eaca5 to remote] DEBUG org.asynchttpclient.netty.request.NettyRequestSender - Using open Channel [id: 0x80f2b563, L:/127.0.0.1:60980 - R:localhost/127.0.0.1:53651] for POST '/session/d949344f26a18d4099349d0f491eaca5/execute/sync'
00:15:27.509 [AsyncHttpClient-1-2] DEBUG org.asynchttpclient.netty.handler.HttpHandler - 

Request DefaultHttpRequest(decodeResult: success, version: HTTP/1.1)
POST /session/d949344f26a18d4099349d0f491eaca5/execute/sync HTTP/1.1
User-Agent: selenium/4.1.2 (java windows)
Content-Length: 48780
Content-Type: application/json; charset=utf-8
host: localhost:53651
accept: */*

Response DefaultHttpResponse(decodeResult: success, version: HTTP/1.1)
HTTP/1.1 200 OK
Content-Type: application/json; charset=utf-8
cache-control: no-cache
content-length: 14

00:15:27.510 [AsyncHttpClient-1-2] DEBUG org.asynchttpclient.netty.channel.ChannelManager - Adding key: http://localhost:53651 for channel [id: 0x80f2b563, L:/127.0.0.1:60980 - R:localhost/127.0.0.1:53651]
  &amp#27;[32mThen &amp#27;[0m&amp#27;[32mI will go to dashboard&amp#27;[0m           &amp#27;[90m# starter.stepdefinitions.LoginStep.iWillGoToDashboard()&amp#27;[0m
00:15:27.522 [Forwarding screenshot on session d949344f26a18d4099349d0f491eaca5 to remote] DEBUG org.asynchttpclient.netty.request.NettyRequestSender - Using pooled Channel '[id: 0x80f2b563, L:/127.0.0.1:60980 - R:localhost/127.0.0.1:53651]' for 'GET' to 'http://localhost:53651/session/d949344f26a18d4099349d0f491eaca5/screenshot'
00:15:27.522 [Forwarding screenshot on session d949344f26a18d4099349d0f491eaca5 to remote] DEBUG org.asynchttpclient.netty.request.NettyRequestSender - Using open Channel [id: 0x80f2b563, L:/127.0.0.1:60980 - R:localhost/127.0.0.1:53651] for GET '/session/d949344f26a18d4099349d0f491eaca5/screenshot'
00:15:27.791 [AsyncHttpClient-1-2] DEBUG org.asynchttpclient.netty.handler.HttpHandler - 

Request DefaultFullHttpRequest(decodeResult: success, version: HTTP/1.1, content: EmptyByteBufBE)
GET /session/d949344f26a18d4099349d0f491eaca5/screenshot HTTP/1.1
User-Agent: selenium/4.1.2 (java windows)
Cache-Control: no-cache
Content-Type: application/json; charset=utf-8
host: localhost:53651
accept: */*

Response DefaultHttpResponse(decodeResult: success, version: HTTP/1.1)
HTTP/1.1 200 OK
Content-Type: application/json; charset=utf-8
cache-control: no-cache
content-length: 58160

00:15:27.793 [AsyncHttpClient-1-2] DEBUG org.asynchttpclient.netty.channel.ChannelManager - Adding key: http://localhost:53651 for channel [id: 0x80f2b563, L:/127.0.0.1:60980 - R:localhost/127.0.0.1:53651]
00:15:27.798 [main] DEBUG net.serenitybdd.core.photography.Darkroom - Send negative for processing for target\site\serenity\a2367a4d0f414336fe57d4b1d227b1eee6bea6ac6e10778e7de8026150a17330.png
00:15:27.800 [Darkroom Processing Line] DEBUG net.serenitybdd.core.photography.DarkroomProcessingLine - Processing screenshot image in /var/screenshots/screenshot-5894527219385412672
00:15:27.800 [Darkroom Processing Line] DEBUG net.serenitybdd.core.photography.DarkroomProcessingLine - Saving screenshot to target\site\serenity\a2367a4d0f414336fe57d4b1d227b1eee6bea6ac6e10778e7de8026150a17330.png
00:15:27.804 [main] INFO  - 
  _____   ___   ___   _____     ___     _     ___   ___   ___   ___  
 |_   _| | __| / __| |_   _|   | _ \   /_\   / __| / __| | __| |   \ 
   | |   | _|  \__ \   | |     |  _/  / _ \  \__ \ \__ \ | _|  | |) |
   |_|   |___| |___/   |_|     |_|   /_/ \_\ |___/ |___/ |___| |___/ 

Login with email and password
----------------------------------------------------------------------
00:15:27.980 [Driver Command Executor] DEBUG org.asynchttpclient.netty.request.NettyRequestSender - Using pooled Channel '[id: 0x80f2b563, L:/127.0.0.1:60980 - R:localhost/127.0.0.1:53651]' for 'DELETE' to 'http://localhost:53651/session/d949344f26a18d4099349d0f491eaca5'
00:15:27.981 [Driver Command Executor] DEBUG org.asynchttpclient.netty.request.NettyRequestSender - Using open Channel [id: 0x80f2b563, L:/127.0.0.1:60980 - R:localhost/127.0.0.1:53651] for DELETE '/session/d949344f26a18d4099349d0f491eaca5'
00:15:27.983 [AsyncHttpClient-1-4] DEBUG org.asynchttpclient.netty.handler.WebSocketHandler - Channel Closed: [id: 0xb02b6f8b, L:/127.0.0.1:60988 ! R:localhost/127.0.0.1:60981] with attribute NettyResponseFuture{currentRetry=5,
	isDone=1,
	isCancelled=0,
	asyncHandler=org.asynchttpclient.ws.WebSocketUpgradeHandler@2a910f1,
	nettyRequest=org.asynchttpclient.netty.request.NettyRequest@5e0e9cb0,
	future=java.util.concurrent.CompletableFuture@5d069395[Completed normally],
	uri=ws://localhost:60981/devtools/browser/1e2e8b88-ee8c-4879-9bb5-f294cc7322e5,
	keepAlive=true,
	redirectCount=0,
	timeoutsHolder=null,
	inAuth=0,
	touch=1669914923467}
00:15:27.984 [AsyncHttpClient-1-4] DEBUG org.asynchttpclient.netty.channel.ChannelManager - Closing Channel [id: 0xb02b6f8b, L:/127.0.0.1:60988 ! R:localhost/127.0.0.1:60981] 
00:15:28.055 [AsyncHttpClient-1-3] DEBUG org.asynchttpclient.netty.handler.HttpHandler - Unexpected I/O exception on channel [id: 0xb4ba72c4, L:/127.0.0.1:60987 - R:localhost/127.0.0.1:60981]
java.net.SocketException: Connection reset
	at java.base/sun.nio.ch.SocketChannelImpl.throwConnectionReset(SocketChannelImpl.java:345)
	at java.base/sun.nio.ch.SocketChannelImpl.read(SocketChannelImpl.java:376)
	at io.netty.buffer.PooledByteBuf.setBytes(PooledByteBuf.java:258)
	at io.netty.buffer.AbstractByteBuf.writeBytes(AbstractByteBuf.java:1132)
	at io.netty.channel.socket.nio.NioSocketChannel.doReadBytes(NioSocketChannel.java:350)
	at io.netty.channel.nio.AbstractNioByteChannel$NioByteUnsafe.read(AbstractNioByteChannel.java:151)
	at io.netty.channel.nio.NioEventLoop.processSelectedKey(NioEventLoop.java:722)
	at io.netty.channel.nio.NioEventLoop.processSelectedKeysOptimized(NioEventLoop.java:658)
	at io.netty.channel.nio.NioEventLoop.processSelectedKeys(NioEventLoop.java:584)
	at io.netty.channel.nio.NioEventLoop.run(NioEventLoop.java:496)
	at io.netty.util.concurrent.SingleThreadEventExecutor$4.run(SingleThreadEventExecutor.java:986)
	at io.netty.util.internal.ThreadExecutorMap$2.run(ThreadExecutorMap.java:74)
	at io.netty.util.concurrent.FastThreadLocalRunnable.run(FastThreadLocalRunnable.java:30)
	at java.base/java.lang.Thread.run(Thread.java:830)
00:15:28.055 [AsyncHttpClient-1-3] DEBUG org.asynchttpclient.netty.channel.ChannelManager - Closing Channel [id: 0xb4ba72c4, L:/127.0.0.1:60987 - R:localhost/127.0.0.1:60981] 
00:15:28.057 [AsyncHttpClient-1-3] DEBUG org.asynchttpclient.netty.handler.HttpHandler - Channel Closed: [id: 0xb4ba72c4, L:/127.0.0.1:60987 ! R:localhost/127.0.0.1:60981] with attribute DISCARD
00:15:28.074 [AsyncHttpClient-1-2] DEBUG org.asynchttpclient.netty.handler.HttpHandler - 

Request DefaultFullHttpRequest(decodeResult: success, version: HTTP/1.1, content: EmptyByteBufBE)
DELETE /session/d949344f26a18d4099349d0f491eaca5 HTTP/1.1
User-Agent: selenium/4.1.2 (java windows)
Content-Type: application/json; charset=utf-8
host: localhost:53651
accept: */*

Response DefaultHttpResponse(decodeResult: success, version: HTTP/1.1)
HTTP/1.1 200 OK
Content-Type: application/json; charset=utf-8
cache-control: no-cache
content-length: 14

00:15:28.074 [AsyncHttpClient-1-2] DEBUG org.asynchttpclient.netty.channel.ChannelManager - Adding key: http://localhost:53651 for channel [id: 0x80f2b563, L:/127.0.0.1:60980 - R:localhost/127.0.0.1:53651]
00:15:28.110 [AsyncHttpClient-1-1] DEBUG org.asynchttpclient.netty.channel.DefaultChannelPool - Entry count for : http://localhost:60981 : 1
00:15:28.110 [AsyncHttpClient-1-1] DEBUG org.asynchttpclient.netty.channel.DefaultChannelPool - Entry count for : http://localhost:53651 : 1
00:15:28.110 [AsyncHttpClient-1-1] DEBUG org.asynchttpclient.netty.channel.DefaultChannelPool - Adding Candidate expired Channel [id: 0xb4ba72c4, L:/127.0.0.1:60987 ! R:localhost/127.0.0.1:60981] isIdleTimeoutExpired=false isRemotelyClosed=true isTtlExpired=false
00:15:28.110 [AsyncHttpClient-1-1] DEBUG org.asynchttpclient.netty.channel.DefaultChannelPool - Closing Idle Channel [id: 0xb4ba72c4, L:/127.0.0.1:60987 ! R:localhost/127.0.0.1:60981]
00:15:28.110 [AsyncHttpClient-1-1] DEBUG org.asynchttpclient.netty.channel.DefaultChannelPool - Closed 1 connections out of 2 in 0 ms
00:15:28.127 [AsyncHttpClient-1-2] DEBUG org.asynchttpclient.netty.handler.HttpHandler - Channel Closed: [id: 0x80f2b563, L:/127.0.0.1:60980 ! R:localhost/127.0.0.1:53651] with attribute DISCARD
]]></system-out>
    <system-err><![CDATA[Starting ChromeDriver 107.0.5304.62 (1eec40d3a5764881c92085aaee66d25075c159aa-refs/branch-heads/5304@{#942}) on port 53651
Only local connections are allowed.
Please see https://chromedriver.chromium.org/security-considerations for suggestions on keeping ChromeDriver safe.
ChromeDriver was started successfully.
Des 02, 2022 12:15:23 AM org.openqa.selenium.remote.ProtocolHandshake createSession
INFO: Detected dialect: W3C
Des 02, 2022 12:15:23 AM org.openqa.selenium.devtools.CdpVersionFinder findNearestMatch
WARNING: Unable to find an exact match for CDP version 107, so returning the closest version found: a no-op implementation
Des 02, 2022 12:15:23 AM org.openqa.selenium.devtools.CdpVersionFinder findNearestMatch
INFO: Unable to find CDP implementation matching 107.
Des 02, 2022 12:15:23 AM org.openqa.selenium.chromium.ChromiumDriver lambda$new$3
WARNING: Unable to find version of CDP to use for . You may need to include a dependency on a specific version of the CDP using something similar to `org.seleniumhq.selenium:selenium-devtools-v86:4.1.2` where the version ("v86") matches the version of the chromium-based browser you're using and the version number of the artifact is the same as Selenium's.
]]></system-err>
  </testcase>
</testsuite>